2024-10-17T16:52:29.056Z [[32minfo[39m]: Conexión a la base de datos establecida correctamente.
2024-10-17T16:52:29.059Z [[32minfo[39m]: Inicialización del servidor completada correctamente.
2024-10-17T16:52:29.060Z [[32minfo[39m]: Servidor escuchando en http://localhost:9090
2024-10-17T16:53:57.020Z [[32minfo[39m]: Base de datos sincronizada con éxito
2024-10-17T16:53:57.021Z [[32minfo[39m]: Conexión a la base de datos establecida correctamente.
2024-10-17T16:53:57.024Z [[32minfo[39m]: Inicialización del servidor completada correctamente.
2024-10-17T16:53:57.025Z [[32minfo[39m]: Servidor escuchando en http://localhost:9090
2024-10-17T16:54:12.466Z [[32minfo[39m]: Base de datos conectada!!!
2024-10-17T16:54:12.479Z [[32minfo[39m]: Base de datos sincronizada con éxito
2024-10-17T16:54:12.479Z [[32minfo[39m]: Conexión a la base de datos establecida correctamente.
2024-10-17T16:54:12.481Z [[32minfo[39m]: Inicialización del servidor completada correctamente.
2024-10-17T16:54:12.483Z [[32minfo[39m]: Servidor escuchando en http://localhost:9090
2024-10-17T16:54:27.418Z [[32minfo[39m]: Base de datos conectada!!!
2024-10-17T16:54:27.431Z [[32minfo[39m]: Base de datos sincronizada con éxito
2024-10-17T16:54:27.431Z [[32minfo[39m]: Conexión a la base de datos establecida correctamente.
2024-10-17T16:54:27.435Z [[32minfo[39m]: Inicialización del servidor completada correctamente.
2024-10-17T16:54:27.436Z [[32minfo[39m]: Servidor escuchando en http://localhost:9090
2024-10-17T16:56:47.409Z [[32minfo[39m]: Base de datos conectada!!!
2024-10-17T16:56:47.424Z [[32minfo[39m]: Base de datos sincronizada con éxito
2024-10-17T16:56:47.425Z [[32minfo[39m]: Conexión a la base de datos establecida correctamente.
2024-10-17T16:56:47.427Z [[32minfo[39m]: Inicialización del servidor completada correctamente.
2024-10-17T16:56:47.428Z [[32minfo[39m]: Servidor escuchando en http://localhost:9090
2024-10-17T16:58:36.782Z [[32minfo[39m]: Base de datos conectada!!!
2024-10-17T16:58:36.794Z [[32minfo[39m]: Base de datos sincronizada con éxito
2024-10-17T16:58:36.794Z [[32minfo[39m]: Conexión a la base de datos establecida correctamente.
2024-10-17T16:58:36.796Z [[32minfo[39m]: Inicialización del servidor completada correctamente.
2024-10-17T16:58:36.798Z [[32minfo[39m]: Servidor escuchando en http://localhost:9090
2024-10-18T12:47:06.172Z [[31merror[39m]: Error al conectar a la base de datos: (conn:-1, no: 45012, SQLState: 08S01) Connection timeout: failed to create socket after 1011ms
2024-10-18T12:48:31.703Z [[31merror[39m]: Error al conectar a la base de datos: (conn:302558, no: 45012, SQLState: 08S01) Connection timeout: failed to create socket after 1004ms
2024-10-18T12:49:50.132Z [[31merror[39m]: Error al conectar a la base de datos: (conn:-1, no: 45012, SQLState: 08S01) Connection timeout: failed to create socket after 1014ms
2024-10-18T13:02:22.106Z [[31merror[39m]: Error al conectar a la base de datos: (conn:-1, no: 45012, SQLState: 08S01) Connection timeout: failed to create socket after 1012ms
2024-10-18T13:07:10.368Z [[31merror[39m]: Error al conectar a la base de datos: (conn:-1, no: 45012, SQLState: 08S01) Connection timeout: failed to create socket after 1007ms
2024-10-18T13:07:32.756Z [[31merror[39m]: Error al conectar a la base de datos: (conn:302918, no: 45012, SQLState: 08S01) Connection timeout: failed to create socket after 1097ms
2024-10-18T13:13:27.700Z [[31merror[39m]: Error al conectar a la base de datos: (conn:-1, no: 45012, SQLState: 08S01) Connection timeout: failed to create socket after 1005ms
2024-10-18T13:13:54.903Z [[32minfo[39m]: Conexión a la base de datos establecida correctamente.
2024-10-18T13:13:54.908Z [[32minfo[39m]: Inicialización del servidor completada correctamente.
2024-10-18T13:13:55.721Z [[32minfo[39m]: Servidor escuchando en http://localhost:9090
2024-10-18T13:13:55.929Z [[31merror[39m]: Error al conectar a la base de datos: (conn:-1, no: 45012, SQLState: 08S01) Connection timeout: failed to create socket after 1016ms
2024-10-18T13:14:10.874Z [[32minfo[39m]: Conexión a la base de datos establecida correctamente.
2024-10-18T13:14:10.881Z [[32minfo[39m]: Inicialización del servidor completada correctamente.
2024-10-18T13:14:11.596Z [[32minfo[39m]: Servidor escuchando en http://localhost:9090
2024-10-18T13:14:11.900Z [[31merror[39m]: Error al conectar a la base de datos: (conn:303962, no: 45012, SQLState: 08S01) Connection timeout: failed to create socket after 1014ms
2024-10-18T13:23:25.966Z [[32minfo[39m]: Conexión a la base de datos establecida correctamente.
2024-10-18T13:23:25.972Z [[32minfo[39m]: Inicialización del servidor completada correctamente.
2024-10-18T13:23:26.708Z [[32minfo[39m]: Servidor escuchando en http://localhost:9090
2024-10-18T13:23:26.979Z [[31merror[39m]: Error al conectar a la base de datos: (conn:-1, no: 45012, SQLState: 08S01) Connection timeout: failed to create socket after 1002ms
2024-10-18T13:23:39.246Z [[32minfo[39m]: Conexión a la base de datos establecida correctamente.
2024-10-18T13:23:39.253Z [[32minfo[39m]: Inicialización del servidor completada correctamente.
2024-10-18T13:23:39.959Z [[32minfo[39m]: Servidor escuchando en http://localhost:9090
2024-10-18T13:23:40.270Z [[31merror[39m]: Error al conectar a la base de datos: (conn:304980, no: 45012, SQLState: 08S01) Connection timeout: failed to create socket after 1012ms
2024-10-18T13:58:19.891Z [[32minfo[39m]: Conexión a la base de datos establecida correctamente.
2024-10-18T13:58:19.897Z [[32minfo[39m]: Inicialización del servidor completada correctamente.
2024-10-18T13:58:20.670Z [[32minfo[39m]: Servidor escuchando en http://localhost:9090
2024-10-18T14:01:02.649Z [[32minfo[39m]: Conexión a la base de datos establecida correctamente.
2024-10-18T14:01:02.655Z [[32minfo[39m]: Inicialización del servidor completada correctamente.
2024-10-18T14:01:03.375Z [[32minfo[39m]: Servidor escuchando en http://localhost:9090
2024-10-18T14:01:41.145Z [[32minfo[39m]: Conexión a la base de datos establecida correctamente.
2024-10-18T14:01:41.151Z [[32minfo[39m]: Inicialización del servidor completada correctamente.
2024-10-18T14:01:41.847Z [[32minfo[39m]: Servidor escuchando en http://localhost:9090
2024-10-18T14:02:27.810Z [[32minfo[39m]: Conexión a la base de datos establecida correctamente.
2024-10-18T14:02:27.816Z [[32minfo[39m]: Inicialización del servidor completada correctamente.
2024-10-18T14:02:28.549Z [[32minfo[39m]: Servidor escuchando en http://localhost:9090
2024-10-18T14:02:57.728Z [[31merror[39m]: Error al conectar la base de datos: (conn:-1, no: 45012, SQLState: 08S01) Connection timeout: failed to create socket after 1004ms
2024-10-18T14:03:19.123Z [[31merror[39m]: Error al conectar la base de datos: (conn:-1, no: 45012, SQLState: 08S01) Connection timeout: failed to create socket after 1003ms
2024-10-18T14:03:19.126Z [[31merror[39m]: Error durante la inicialización del servidor: (conn:-1, no: 45012, SQLState: 08S01) Connection timeout: failed to create socket after 1003ms
2024-10-18T14:03:19.126Z [[31merror[39m]: Express no ha sido inicializado correctamente.
2024-10-18T14:03:39.347Z [[32minfo[39m]: Conexión a la base de datos establecida correctamente.
2024-10-18T14:03:39.353Z [[32minfo[39m]: Inicialización del servidor completada correctamente.
2024-10-18T14:03:40.072Z [[32minfo[39m]: Servidor escuchando en http://localhost:9090
2024-10-18T14:03:41.747Z [[32minfo[39m]: Base de datos sincronizada con éxito
2024-10-18T14:03:58.659Z [[32minfo[39m]: Conexión a la base de datos establecida correctamente.
2024-10-18T14:03:58.666Z [[32minfo[39m]: Inicialización del servidor completada correctamente.
2024-10-18T14:03:59.378Z [[32minfo[39m]: Servidor escuchando en http://localhost:9090
2024-10-18T14:03:59.683Z [[31merror[39m]: Error al conectar la base de datos: (conn:306300, no: 45012, SQLState: 08S01) Connection timeout: failed to create socket after 1011ms
2024-10-18T14:10:54.562Z [[32minfo[39m]: Conexión a la base de datos establecida correctamente.
2024-10-18T14:10:54.568Z [[32minfo[39m]: Inicialización del servidor completada correctamente.
2024-10-18T14:10:55.279Z [[32minfo[39m]: Servidor escuchando en http://localhost:9090
2024-10-18T14:10:56.957Z [[32minfo[39m]: Base de datos sincronizada con éxito
2024-10-18T14:11:13.720Z [[32minfo[39m]: Conexión a la base de datos establecida correctamente.
2024-10-18T14:11:13.725Z [[32minfo[39m]: Inicialización del servidor completada correctamente.
2024-10-18T14:11:14.443Z [[32minfo[39m]: Servidor escuchando en http://localhost:9090
2024-10-18T14:11:16.179Z [[32minfo[39m]: Base de datos sincronizada con éxito
2024-10-18T14:25:03.788Z [[32minfo[39m]: Conexión a la base de datos establecida correctamente.
2024-10-18T14:25:03.796Z [[32minfo[39m]: Inicialización del servidor completada correctamente.
2024-10-18T14:25:04.626Z [[32minfo[39m]: Servidor escuchando en http://localhost:9090
2024-10-18T14:25:06.438Z [[32minfo[39m]: Base de datos sincronizada con éxito
2024-10-18T14:45:13.468Z [[32minfo[39m]: Conexión a la base de datos establecida correctamente.
2024-10-18T14:45:13.475Z [[32minfo[39m]: Inicialización del servidor completada correctamente.
2024-10-18T14:45:14.196Z [[32minfo[39m]: Servidor escuchando en http://localhost:9090
2024-10-18T14:45:15.956Z [[32minfo[39m]: Base de datos sincronizada con éxito
2024-10-18T14:47:36.075Z [[32minfo[39m]: Conexión a la base de datos establecida correctamente.
2024-10-18T14:47:36.081Z [[32minfo[39m]: Inicialización del servidor completada correctamente.
2024-10-18T14:47:36.796Z [[32minfo[39m]: Servidor escuchando en http://localhost:9090
2024-10-18T14:47:38.503Z [[32minfo[39m]: Base de datos sincronizada con éxito
2024-10-18T14:51:20.714Z [[32minfo[39m]: Conexión a la base de datos establecida correctamente.
2024-10-18T14:51:20.720Z [[32minfo[39m]: Inicialización del servidor completada correctamente.
2024-10-18T14:51:21.586Z [[32minfo[39m]: Servidor escuchando en http://localhost:9090
2024-10-18T14:51:23.277Z [[32minfo[39m]: Base de datos sincronizada con éxito
2024-10-18T14:59:09.085Z [[32minfo[39m]: Conexión a la base de datos establecida correctamente.
2024-10-18T14:59:09.092Z [[32minfo[39m]: Inicialización del servidor completada correctamente.
2024-10-18T14:59:09.820Z [[32minfo[39m]: Servidor escuchando en http://localhost:9090
2024-10-18T14:59:11.532Z [[32minfo[39m]: Base de datos sincronizada con éxito
2024-10-18T14:59:32.106Z [[32minfo[39m]: Conexión a la base de datos establecida correctamente.
2024-10-18T14:59:32.113Z [[32minfo[39m]: Inicialización del servidor completada correctamente.
2024-10-18T14:59:32.862Z [[32minfo[39m]: Servidor escuchando en http://localhost:9090
2024-10-18T14:59:34.572Z [[32minfo[39m]: Base de datos sincronizada con éxito
2024-10-18T15:13:35.009Z [[32minfo[39m]: Conexión a la base de datos establecida correctamente.
2024-10-18T15:13:35.014Z [[32minfo[39m]: Inicialización del servidor completada correctamente.
2024-10-18T15:13:35.754Z [[32minfo[39m]: Servidor escuchando en http://localhost:9090
2024-10-18T15:13:37.463Z [[32minfo[39m]: Base de datos sincronizada con éxito
2024-10-18T15:13:56.301Z [[32minfo[39m]: [0mGET /auth/login [33m404[0m 3.766 ms - 149[0m
2024-10-18T15:14:23.814Z [[32minfo[39m]: Conexión a la base de datos establecida correctamente.
2024-10-18T15:14:23.819Z [[32minfo[39m]: Inicialización del servidor completada correctamente.
2024-10-18T15:14:24.549Z [[32minfo[39m]: Servidor escuchando en http://localhost:9090
2024-10-18T15:14:26.242Z [[32minfo[39m]: Base de datos sincronizada con éxito
2024-10-18T15:14:30.957Z [[32minfo[39m]: [0mGET /auth/login [31m500[0m 4.724 ms - 16[0m
2024-10-18T15:14:31.024Z [[32minfo[39m]: [0mGET /favicon.ico [33m404[0m 1.704 ms - 150[0m
2024-10-18T15:15:08.052Z [[32minfo[39m]: Conexión a la base de datos establecida correctamente.
2024-10-18T15:15:08.057Z [[32minfo[39m]: Inicialización del servidor completada correctamente.
2024-10-18T15:15:08.763Z [[32minfo[39m]: Servidor escuchando en http://localhost:9090
2024-10-18T15:15:10.442Z [[32minfo[39m]: Base de datos sincronizada con éxito
2024-10-18T15:15:17.955Z [[32minfo[39m]: [0mGET /auth/login [31m500[0m 4.854 ms - 16[0m
2024-10-18T15:15:27.148Z [[32minfo[39m]: [0mGET /auth/login [31m500[0m 2.215 ms - 16[0m
2024-10-18T15:15:55.915Z [[32minfo[39m]: Conexión a la base de datos establecida correctamente.
2024-10-18T15:15:55.920Z [[32minfo[39m]: Inicialización del servidor completada correctamente.
2024-10-18T15:15:56.661Z [[32minfo[39m]: Servidor escuchando en http://localhost:9090
2024-10-18T15:15:58.341Z [[32minfo[39m]: Base de datos sincronizada con éxito
2024-10-18T15:16:01.501Z [[32minfo[39m]: [0mGET /auth/login [31m500[0m 4.991 ms - 16[0m
2024-10-18T15:17:03.783Z [[32minfo[39m]: Conexión a la base de datos establecida correctamente.
2024-10-18T15:17:03.788Z [[32minfo[39m]: Inicialización del servidor completada correctamente.
2024-10-18T15:17:04.524Z [[32minfo[39m]: Servidor escuchando en http://localhost:9090
2024-10-18T15:17:06.211Z [[32minfo[39m]: Base de datos sincronizada con éxito
2024-10-18T15:17:13.961Z [[32minfo[39m]: [0mGET /auth/login [36m302[0m 629.491 ms - 0[0m
2024-10-18T15:17:55.531Z [[32minfo[39m]: [0mPOST /auth/openid/return [36m302[0m 2.233 ms - 0[0m
2024-10-18T15:17:55.955Z [[32minfo[39m]: [0mPOST /auth/openid/return [36m302[0m 1.978 ms - 0[0m
2024-10-18T15:17:56.366Z [[32minfo[39m]: [0mPOST /auth/openid/return [36m302[0m 2.033 ms - 0[0m
2024-10-18T15:17:56.848Z [[32minfo[39m]: [0mPOST /auth/openid/return [36m302[0m 1.728 ms - 0[0m
2024-10-18T15:17:57.199Z [[32minfo[39m]: [0mPOST /auth/openid/return [36m302[0m 1.251 ms - 0[0m
2024-10-18T15:17:57.618Z [[32minfo[39m]: [0mPOST /auth/openid/return [36m302[0m 1.407 ms - 0[0m
2024-10-18T15:17:58.034Z [[32minfo[39m]: [0mPOST /auth/openid/return [36m302[0m 1.672 ms - 0[0m
2024-10-18T15:17:58.441Z [[32minfo[39m]: [0mPOST /auth/openid/return [36m302[0m 1.850 ms - 0[0m
2024-10-18T15:17:58.789Z [[32minfo[39m]: [0mPOST /auth/openid/return [36m302[0m 1.815 ms - 0[0m
2024-10-18T15:17:59.134Z [[32minfo[39m]: [0mPOST /auth/openid/return [36m302[0m 1.594 ms - 0[0m
2024-10-18T15:17:59.565Z [[32minfo[39m]: [0mPOST /auth/openid/return [36m302[0m 1.320 ms - 0[0m
2024-10-18T15:17:59.997Z [[32minfo[39m]: [0mPOST /auth/openid/return [36m302[0m 1.589 ms - 0[0m
2024-10-18T15:18:00.406Z [[32minfo[39m]: [0mPOST /auth/openid/return [36m302[0m 1.621 ms - 0[0m
2024-10-18T15:18:00.761Z [[32minfo[39m]: [0mPOST /auth/openid/return [36m302[0m 0.981 ms - 0[0m
2024-10-18T15:18:01.185Z [[32minfo[39m]: [0mPOST /auth/openid/return [36m302[0m 1.510 ms - 0[0m
2024-10-18T15:18:01.536Z [[32minfo[39m]: [0mPOST /auth/openid/return [36m302[0m 1.588 ms - 0[0m
2024-10-18T15:18:01.930Z [[32minfo[39m]: [0mPOST /auth/openid/return [36m302[0m 1.375 ms - 0[0m
2024-10-18T15:18:02.294Z [[32minfo[39m]: [0mPOST /auth/openid/return [36m302[0m 1.574 ms - 0[0m
2024-10-18T15:18:02.663Z [[32minfo[39m]: [0mPOST /auth/openid/return [36m302[0m 1.620 ms - 0[0m
2024-10-18T15:18:03.013Z [[32minfo[39m]: [0mPOST /auth/openid/return [36m302[0m 1.076 ms - 0[0m
2024-10-18T15:18:03.560Z [[32minfo[39m]: [0mPOST /auth/openid/return [36m302[0m 1.331 ms - 0[0m
2024-10-18T15:18:39.993Z [[32minfo[39m]: [0mGET /auth/login [36m302[0m 0.742 ms - 0[0m
2024-10-18T15:18:55.739Z [[32minfo[39m]: [0mPOST /auth/openid/return [36m302[0m 0.838 ms - 0[0m
2024-10-18T15:18:56.133Z [[32minfo[39m]: [0mPOST /auth/openid/return [36m302[0m 1.136 ms - 0[0m
2024-10-18T15:18:56.435Z [[32minfo[39m]: [0mPOST /auth/openid/return [36m302[0m 1.101 ms - 0[0m
2024-10-18T15:18:56.766Z [[32minfo[39m]: [0mPOST /auth/openid/return [36m302[0m 0.952 ms - 0[0m
2024-10-18T15:18:57.129Z [[32minfo[39m]: [0mPOST /auth/openid/return [36m302[0m 0.870 ms - 0[0m
2024-10-18T15:18:57.445Z [[32minfo[39m]: [0mPOST /auth/openid/return [36m302[0m 1.275 ms - 0[0m
2024-10-18T15:18:57.779Z [[32minfo[39m]: [0mPOST /auth/openid/return [36m302[0m 1.036 ms - 0[0m
2024-10-18T15:18:58.170Z [[32minfo[39m]: [0mPOST /auth/openid/return [36m302[0m 0.967 ms - 0[0m
2024-10-18T15:18:58.501Z [[32minfo[39m]: [0mPOST /auth/openid/return [36m302[0m 0.940 ms - 0[0m
2024-10-18T15:18:58.826Z [[32minfo[39m]: [0mPOST /auth/openid/return [36m302[0m 0.996 ms - 0[0m
2024-10-18T15:18:59.170Z [[32minfo[39m]: [0mPOST /auth/openid/return [36m302[0m 1.060 ms - 0[0m
2024-10-18T15:18:59.520Z [[32minfo[39m]: [0mPOST /auth/openid/return [36m302[0m 1.690 ms - 0[0m
2024-10-18T15:18:59.934Z [[32minfo[39m]: [0mPOST /auth/openid/return [36m302[0m 1.414 ms - 0[0m
2024-10-18T15:19:00.315Z [[32minfo[39m]: [0mPOST /auth/openid/return [36m302[0m 1.020 ms - 0[0m
2024-10-18T15:19:00.642Z [[32minfo[39m]: [0mPOST /auth/openid/return [36m302[0m 0.814 ms - 0[0m
2024-10-18T15:19:00.984Z [[32minfo[39m]: [0mPOST /auth/openid/return [36m302[0m 1.059 ms - 0[0m
2024-10-18T15:19:01.368Z [[32minfo[39m]: [0mPOST /auth/openid/return [36m302[0m 1.041 ms - 0[0m
2024-10-18T15:19:01.775Z [[32minfo[39m]: [0mPOST /auth/openid/return [36m302[0m 0.785 ms - 0[0m
2024-10-18T15:19:02.131Z [[32minfo[39m]: [0mPOST /auth/openid/return [36m302[0m 1.460 ms - 0[0m
2024-10-18T15:19:02.468Z [[32minfo[39m]: [0mPOST /auth/openid/return [36m302[0m 1.096 ms - 0[0m
2024-10-18T15:19:02.873Z [[32minfo[39m]: [0mPOST /auth/openid/return [36m302[0m 2.762 ms - 0[0m
2024-10-18T15:24:16.680Z [[32minfo[39m]: Conexión a la base de datos establecida correctamente.
2024-10-18T15:24:16.685Z [[32minfo[39m]: Inicialización del servidor completada correctamente.
2024-10-18T15:24:17.418Z [[32minfo[39m]: Servidor escuchando en http://localhost:9090
2024-10-18T15:24:19.127Z [[32minfo[39m]: Base de datos sincronizada con éxito
2024-10-18T15:24:25.825Z [[32minfo[39m]: [0mPOST /auth/openid/return [36m302[0m 604.913 ms - 0[0m
2024-10-18T15:24:26.167Z [[32minfo[39m]: [0mPOST /auth/openid/return [36m302[0m 2.770 ms - 0[0m
2024-10-18T15:24:26.548Z [[32minfo[39m]: [0mPOST /auth/openid/return [36m302[0m 1.189 ms - 0[0m
2024-10-18T15:24:26.957Z [[32minfo[39m]: [0mPOST /auth/openid/return [36m302[0m 1.699 ms - 0[0m
2024-10-18T15:24:27.323Z [[32minfo[39m]: [0mPOST /auth/openid/return [36m302[0m 1.397 ms - 0[0m
2024-10-18T15:24:48.554Z [[32minfo[39m]: [0mGET /auth/login [36m302[0m 1.088 ms - 0[0m
2024-10-18T15:24:49.246Z [[32minfo[39m]: [0mGET /auth/login [36m302[0m 0.875 ms - 0[0m
2024-10-18T15:25:15.748Z [[32minfo[39m]: [0mGET /auth/login [36m302[0m 0.972 ms - 0[0m
2024-10-18T15:25:16.967Z [[32minfo[39m]: [0mPOST /auth/openid/return [36m302[0m 4.434 ms - 0[0m
2024-10-18T15:25:17.354Z [[32minfo[39m]: [0mPOST /auth/openid/return [36m302[0m 1.545 ms - 0[0m
2024-10-18T15:25:17.733Z [[32minfo[39m]: [0mPOST /auth/openid/return [36m302[0m 1.475 ms - 0[0m
2024-10-18T15:25:18.111Z [[32minfo[39m]: [0mPOST /auth/openid/return [36m302[0m 1.296 ms - 0[0m
2024-10-18T15:25:18.498Z [[32minfo[39m]: [0mPOST /auth/openid/return [36m302[0m 1.316 ms - 0[0m
2024-10-18T15:25:18.928Z [[32minfo[39m]: [0mPOST /auth/openid/return [36m302[0m 1.576 ms - 0[0m
2024-10-18T15:25:19.327Z [[32minfo[39m]: [0mPOST /auth/openid/return [36m302[0m 1.368 ms - 0[0m
2024-10-18T15:25:19.676Z [[32minfo[39m]: [0mPOST /auth/openid/return [36m302[0m 1.292 ms - 0[0m
2024-10-18T15:25:20.053Z [[32minfo[39m]: [0mPOST /auth/openid/return [36m302[0m 1.018 ms - 0[0m
2024-10-18T15:25:20.409Z [[32minfo[39m]: [0mPOST /auth/openid/return [36m302[0m 1.352 ms - 0[0m
2024-10-18T15:25:20.786Z [[32minfo[39m]: [0mPOST /auth/openid/return [36m302[0m 1.417 ms - 0[0m
2024-10-18T15:25:21.166Z [[32minfo[39m]: [0mPOST /auth/openid/return [36m302[0m 1.415 ms - 0[0m
2024-10-18T15:25:21.592Z [[32minfo[39m]: [0mPOST /auth/openid/return [36m302[0m 1.449 ms - 0[0m
2024-10-18T15:25:21.964Z [[32minfo[39m]: [0mPOST /auth/openid/return [36m302[0m 1.144 ms - 0[0m
2024-10-18T15:25:22.342Z [[32minfo[39m]: [0mPOST /auth/openid/return [36m302[0m 1.599 ms - 0[0m
2024-10-18T15:25:22.806Z [[32minfo[39m]: [0mPOST /auth/openid/return [36m302[0m 1.384 ms - 0[0m
2024-10-18T15:25:23.213Z [[32minfo[39m]: [0mPOST /auth/openid/return [36m302[0m 1.127 ms - 0[0m
2024-10-18T15:25:23.573Z [[32minfo[39m]: [0mPOST /auth/openid/return [36m302[0m 1.587 ms - 0[0m
2024-10-18T15:25:23.998Z [[32minfo[39m]: [0mPOST /auth/openid/return [36m302[0m 1.046 ms - 0[0m
2024-10-18T15:25:24.381Z [[32minfo[39m]: [0mPOST /auth/openid/return [36m302[0m 1.277 ms - 0[0m
2024-10-18T15:27:11.022Z [[32minfo[39m]: Conexión a la base de datos establecida correctamente.
2024-10-18T15:27:11.026Z [[32minfo[39m]: Inicialización del servidor completada correctamente.
2024-10-18T15:27:11.756Z [[32minfo[39m]: Servidor escuchando en http://localhost:9090
2024-10-18T15:27:13.464Z [[32minfo[39m]: Base de datos sincronizada con éxito
2024-10-18T15:27:16.256Z [[32minfo[39m]: [0mPOST /auth/openid/return [33m404[0m 5.925 ms - 158[0m
2024-10-18T15:27:32.528Z [[32minfo[39m]: Conexión a la base de datos establecida correctamente.
2024-10-18T15:27:32.534Z [[32minfo[39m]: Inicialización del servidor completada correctamente.
2024-10-18T15:27:33.330Z [[32minfo[39m]: Servidor escuchando en http://localhost:9090
2024-10-18T15:27:34.679Z [[32minfo[39m]: [0mGET /auth/openid/return [33m404[0m 3.752 ms - 157[0m
2024-10-18T15:27:35.164Z [[32minfo[39m]: Base de datos sincronizada con éxito
2024-10-18T15:27:41.558Z [[32minfo[39m]: [0mGET /auth/login [36m302[0m 590.310 ms - 0[0m
2024-10-18T15:27:42.117Z [[32minfo[39m]: [0mPOST /auth/openid/return [36m302[0m 3.222 ms - 0[0m
2024-10-18T15:27:42.714Z [[32minfo[39m]: [0mPOST /auth/openid/return [36m302[0m 3.257 ms - 0[0m
2024-10-18T15:27:43.133Z [[32minfo[39m]: [0mPOST /auth/openid/return [36m302[0m 1.761 ms - 0[0m
2024-10-18T15:27:43.642Z [[32minfo[39m]: [0mPOST /auth/openid/return [36m302[0m 2.423 ms - 0[0m
2024-10-18T15:27:44.045Z [[32minfo[39m]: [0mPOST /auth/openid/return [36m302[0m 2.139 ms - 0[0m
2024-10-18T15:27:44.470Z [[32minfo[39m]: [0mPOST /auth/openid/return [36m302[0m 2.117 ms - 0[0m
2024-10-18T15:27:44.915Z [[32minfo[39m]: [0mPOST /auth/openid/return [36m302[0m 2.678 ms - 0[0m
2024-10-18T15:27:45.311Z [[32minfo[39m]: [0mPOST /auth/openid/return [36m302[0m 2.981 ms - 0[0m
2024-10-18T15:27:45.781Z [[32minfo[39m]: [0mPOST /auth/openid/return [36m302[0m 3.083 ms - 0[0m
2024-10-18T15:27:46.170Z [[32minfo[39m]: [0mPOST /auth/openid/return [36m302[0m 1.843 ms - 0[0m
2024-10-18T15:27:46.620Z [[32minfo[39m]: [0mPOST /auth/openid/return [36m302[0m 1.811 ms - 0[0m
2024-10-18T15:27:47.043Z [[32minfo[39m]: [0mPOST /auth/openid/return [36m302[0m 2.242 ms - 0[0m
2024-10-18T15:27:47.432Z [[32minfo[39m]: [0mPOST /auth/openid/return [36m302[0m 1.859 ms - 0[0m
2024-10-18T15:27:47.882Z [[32minfo[39m]: [0mPOST /auth/openid/return [36m302[0m 2.556 ms - 0[0m
2024-10-18T15:27:48.302Z [[32minfo[39m]: [0mPOST /auth/openid/return [36m302[0m 2.671 ms - 0[0m
2024-10-18T15:27:48.681Z [[32minfo[39m]: [0mPOST /auth/openid/return [36m302[0m 2.389 ms - 0[0m
2024-10-18T15:27:49.082Z [[32minfo[39m]: [0mPOST /auth/openid/return [36m302[0m 1.528 ms - 0[0m
2024-10-18T15:27:49.461Z [[32minfo[39m]: [0mPOST /auth/openid/return [36m302[0m 1.700 ms - 0[0m
2024-10-18T15:27:49.857Z [[32minfo[39m]: [0mPOST /auth/openid/return [36m302[0m 2.001 ms - 0[0m
2024-10-18T15:27:50.545Z [[32minfo[39m]: [0mPOST /auth/openid/return [36m302[0m 1.613 ms - 0[0m
2024-10-18T15:29:30.131Z [[32minfo[39m]: Conexión a la base de datos establecida correctamente.
2024-10-18T15:29:30.136Z [[32minfo[39m]: Inicialización del servidor completada correctamente.
2024-10-18T15:29:30.868Z [[32minfo[39m]: Servidor escuchando en http://localhost:9090
2024-10-18T15:29:32.545Z [[32minfo[39m]: Base de datos sincronizada con éxito
2024-10-18T15:29:52.054Z [[32minfo[39m]: Conexión a la base de datos establecida correctamente.
2024-10-18T15:29:52.058Z [[32minfo[39m]: Inicialización del servidor completada correctamente.
2024-10-18T15:29:52.792Z [[32minfo[39m]: Servidor escuchando en http://localhost:9090
2024-10-18T15:29:54.481Z [[32minfo[39m]: Base de datos sincronizada con éxito
2024-10-18T15:30:15.223Z [[32minfo[39m]: Conexión a la base de datos establecida correctamente.
2024-10-18T15:30:15.229Z [[32minfo[39m]: Inicialización del servidor completada correctamente.
2024-10-18T15:30:15.961Z [[32minfo[39m]: Servidor escuchando en http://localhost:9090
2024-10-18T15:30:17.654Z [[32minfo[39m]: Base de datos sincronizada con éxito
2024-10-18T15:31:01.719Z [[32minfo[39m]: [0mGET /auth/login [36m302[0m 623.862 ms - 0[0m
2024-10-18T15:31:22.079Z [[32minfo[39m]: [0mGET /auth/login [36m302[0m 2.347 ms - 0[0m
2024-10-18T15:31:31.237Z [[32minfo[39m]: [0mGET /auth/login [36m302[0m 1.874 ms - 0[0m
2024-10-18T15:31:38.495Z [[32minfo[39m]: [0mGET /auth/login [36m302[0m 1.992 ms - 0[0m
2024-10-18T15:31:39.244Z [[32minfo[39m]: [0mGET /auth/login [36m302[0m 1.472 ms - 0[0m
2024-10-18T15:32:45.174Z [[32minfo[39m]: Conexión a la base de datos establecida correctamente.
2024-10-18T15:32:45.180Z [[32minfo[39m]: Inicialización del servidor completada correctamente.
2024-10-18T15:32:45.915Z [[32minfo[39m]: Servidor escuchando en http://localhost:9090
2024-10-18T15:32:47.608Z [[32minfo[39m]: Base de datos sincronizada con éxito
2024-10-18T15:32:53.069Z [[32minfo[39m]: [0mGET /auth/login [36m302[0m 638.281 ms - 0[0m
2024-10-18T15:32:57.259Z [[32minfo[39m]: [0mGET /auth/login [36m302[0m 3.492 ms - 0[0m
2024-10-18T15:35:25.181Z [[32minfo[39m]: [0mGET /auth/login [36m302[0m 2.490 ms - 0[0m
2024-10-18T15:36:30.246Z [[32minfo[39m]: Conexión a la base de datos establecida correctamente.
2024-10-18T15:36:30.250Z [[32minfo[39m]: Inicialización del servidor completada correctamente.
2024-10-18T15:36:30.973Z [[32minfo[39m]: Servidor escuchando en http://localhost:9090
2024-10-18T15:36:32.663Z [[32minfo[39m]: Base de datos sincronizada con éxito
2024-10-18T15:36:40.846Z [[32minfo[39m]: [0mGET /auth/login [36m302[0m 623.628 ms - 0[0m
2024-10-18T15:36:42.244Z [[32minfo[39m]: [0mGET /auth/login [36m302[0m 2.605 ms - 0[0m
2024-10-18T15:36:42.641Z [[32minfo[39m]: [0mPOST /auth/openid/return [36m302[0m 1.824 ms - 0[0m
2024-10-18T15:36:42.960Z [[32minfo[39m]: [0mPOST /auth/openid/return [36m302[0m 1.984 ms - 0[0m
2024-10-18T15:36:43.278Z [[32minfo[39m]: [0mPOST /auth/openid/return [36m302[0m 1.874 ms - 0[0m
2024-10-18T15:36:43.715Z [[32minfo[39m]: [0mPOST /auth/openid/return [36m302[0m 1.892 ms - 0[0m
2024-10-18T15:36:44.051Z [[32minfo[39m]: [0mPOST /auth/openid/return [36m302[0m 2.143 ms - 0[0m
2024-10-18T15:36:44.422Z [[32minfo[39m]: [0mPOST /auth/openid/return [36m302[0m 1.513 ms - 0[0m
2024-10-18T15:36:44.734Z [[32minfo[39m]: [0mPOST /auth/openid/return [36m302[0m 2.513 ms - 0[0m
2024-10-18T15:36:45.046Z [[32minfo[39m]: [0mPOST /auth/openid/return [36m302[0m 2.307 ms - 0[0m
2024-10-18T15:36:45.362Z [[32minfo[39m]: [0mPOST /auth/openid/return [36m302[0m 2.044 ms - 0[0m
2024-10-18T15:36:45.685Z [[32minfo[39m]: [0mPOST /auth/openid/return [36m302[0m 2.227 ms - 0[0m
2024-10-18T15:36:46.022Z [[32minfo[39m]: [0mPOST /auth/openid/return [36m302[0m 1.687 ms - 0[0m
2024-10-18T15:36:46.391Z [[32minfo[39m]: [0mPOST /auth/openid/return [36m302[0m 1.659 ms - 0[0m
2024-10-18T15:36:46.737Z [[32minfo[39m]: [0mPOST /auth/openid/return [36m302[0m 1.853 ms - 0[0m
2024-10-18T15:36:47.120Z [[32minfo[39m]: [0mPOST /auth/openid/return [36m302[0m 2.225 ms - 0[0m
2024-10-18T15:36:47.471Z [[32minfo[39m]: [0mPOST /auth/openid/return [36m302[0m 1.679 ms - 0[0m
2024-10-18T15:36:47.760Z [[32minfo[39m]: [0mPOST /auth/openid/return [36m302[0m 1.337 ms - 0[0m
2024-10-18T15:36:48.067Z [[32minfo[39m]: [0mPOST /auth/openid/return [36m302[0m 1.135 ms - 0[0m
2024-10-18T15:36:48.387Z [[32minfo[39m]: [0mPOST /auth/openid/return [36m302[0m 1.631 ms - 0[0m
2024-10-18T15:39:25.262Z [[32minfo[39m]: Conexión a la base de datos establecida correctamente.
2024-10-18T15:39:25.266Z [[32minfo[39m]: Inicialización del servidor completada correctamente.
2024-10-18T15:39:26.015Z [[32minfo[39m]: Servidor escuchando en http://localhost:9090
2024-10-18T15:39:27.710Z [[32minfo[39m]: Base de datos sincronizada con éxito
2024-10-18T15:39:39.520Z [[32minfo[39m]: [0mGET /auth/login [36m302[0m 675.152 ms - 0[0m
2024-10-18T15:39:39.617Z [[32minfo[39m]: [0mGET /auth/login [36m302[0m 2.337 ms - 0[0m
2024-10-18T15:39:40.086Z [[32minfo[39m]: [0mPOST /auth/openid/return [36m302[0m 1.988 ms - 0[0m
2024-10-18T15:39:40.459Z [[32minfo[39m]: [0mPOST /auth/openid/return [36m302[0m 2.366 ms - 0[0m
2024-10-18T15:39:40.917Z [[32minfo[39m]: [0mPOST /auth/openid/return [36m302[0m 2.008 ms - 0[0m
2024-10-18T15:39:41.285Z [[32minfo[39m]: [0mPOST /auth/openid/return [36m302[0m 2.349 ms - 0[0m
2024-10-18T15:39:41.624Z [[32minfo[39m]: [0mPOST /auth/openid/return [36m302[0m 2.036 ms - 0[0m
2024-10-18T15:39:59.590Z [[32minfo[39m]: [0mGET /auth/login [36m302[0m 1.965 ms - 0[0m
2024-10-18T15:40:12.347Z [[32minfo[39m]: [0mPOST /auth/openid/return [36m302[0m 2.587 ms - 0[0m
2024-10-18T15:40:12.690Z [[32minfo[39m]: [0mPOST /auth/openid/return [36m302[0m 2.710 ms - 0[0m
2024-10-18T15:40:13.087Z [[32minfo[39m]: [0mPOST /auth/openid/return [36m302[0m 2.053 ms - 0[0m
2024-10-18T15:40:13.494Z [[32minfo[39m]: [0mPOST /auth/openid/return [36m302[0m 2.395 ms - 0[0m
2024-10-18T15:40:13.950Z [[32minfo[39m]: [0mPOST /auth/openid/return [36m302[0m 2.236 ms - 0[0m
2024-10-18T15:40:14.282Z [[32minfo[39m]: [0mPOST /auth/openid/return [36m302[0m 2.283 ms - 0[0m
2024-10-18T15:40:14.594Z [[32minfo[39m]: [0mPOST /auth/openid/return [36m302[0m 2.426 ms - 0[0m
2024-10-18T15:40:15.219Z [[32minfo[39m]: [0mPOST /auth/openid/return [36m302[0m 2.492 ms - 0[0m
2024-10-18T15:40:15.569Z [[32minfo[39m]: [0mPOST /auth/openid/return [36m302[0m 1.911 ms - 0[0m
2024-10-18T15:40:15.910Z [[32minfo[39m]: [0mPOST /auth/openid/return [36m302[0m 2.085 ms - 0[0m
2024-10-18T15:40:16.238Z [[32minfo[39m]: [0mPOST /auth/openid/return [36m302[0m 1.961 ms - 0[0m
2024-10-18T15:40:16.632Z [[32minfo[39m]: [0mPOST /auth/openid/return [36m302[0m 2.190 ms - 0[0m
2024-10-18T15:40:16.952Z [[32minfo[39m]: [0mPOST /auth/openid/return [36m302[0m 2.023 ms - 0[0m
2024-10-18T15:40:17.293Z [[32minfo[39m]: [0mPOST /auth/openid/return [36m302[0m 2.477 ms - 0[0m
2024-10-18T15:40:17.634Z [[32minfo[39m]: [0mPOST /auth/openid/return [36m302[0m 2.168 ms - 0[0m
2024-10-18T15:40:17.964Z [[32minfo[39m]: [0mPOST /auth/openid/return [36m302[0m 1.694 ms - 0[0m
2024-10-18T15:40:18.379Z [[32minfo[39m]: [0mPOST /auth/openid/return [36m302[0m 1.807 ms - 0[0m
2024-10-18T15:40:18.767Z [[32minfo[39m]: [0mPOST /auth/openid/return [36m302[0m 2.329 ms - 0[0m
2024-10-18T15:40:19.107Z [[32minfo[39m]: [0mPOST /auth/openid/return [36m302[0m 1.947 ms - 0[0m
2024-10-18T15:40:19.426Z [[32minfo[39m]: [0mPOST /auth/openid/return [36m302[0m 2.178 ms - 0[0m
2024-10-18T15:40:19.764Z [[32minfo[39m]: [0mPOST /auth/openid/return [36m302[0m 1.804 ms - 0[0m
2024-10-18T16:11:57.270Z [[32minfo[39m]: Conexión a la base de datos establecida correctamente.
2024-10-18T16:11:57.276Z [[32minfo[39m]: Inicialización del servidor completada correctamente.
2024-10-18T16:11:58.006Z [[32minfo[39m]: Servidor escuchando en http://localhost:9090
2024-10-18T16:11:59.734Z [[32minfo[39m]: Base de datos sincronizada con éxito
2024-10-18T16:13:05.323Z [[32minfo[39m]: Conexión a la base de datos establecida correctamente.
2024-10-18T16:13:05.328Z [[32minfo[39m]: Inicialización del servidor completada correctamente.
2024-10-18T16:13:06.069Z [[32minfo[39m]: Servidor escuchando en http://localhost:9090
2024-10-18T16:13:07.767Z [[32minfo[39m]: Base de datos sincronizada con éxito
2024-10-18T16:13:46.289Z [[32minfo[39m]: [0mGET /auth/login [36m302[0m 633.927 ms - 0[0m
2024-10-18T16:13:47.620Z [[32minfo[39m]: [0mGET /auth/login [36m302[0m 3.081 ms - 0[0m
2024-10-18T16:14:01.119Z [[32minfo[39m]: [0mPOST /auth/openid/return [36m302[0m 389.339 ms - 74[0m
2024-10-18T16:14:01.168Z [[32minfo[39m]: [0mGET /favicon.ico [33m404[0m 1.026 ms - 150[0m
2024-10-18T16:16:29.622Z [[32minfo[39m]: Conexión a la base de datos establecida correctamente.
2024-10-18T16:16:29.627Z [[32minfo[39m]: Inicialización del servidor completada correctamente.
2024-10-18T16:16:30.347Z [[32minfo[39m]: Servidor escuchando en http://localhost:9090
2024-10-18T16:16:32.032Z [[32minfo[39m]: Base de datos sincronizada con éxito
2024-10-18T16:16:44.463Z [[32minfo[39m]: [0mGET /auth/login [36m302[0m 597.769 ms - 0[0m
2024-10-18T16:16:45.464Z [[32minfo[39m]: [0mGET /auth/login [36m302[0m 2.319 ms - 0[0m
2024-10-18T16:16:46.356Z [[32minfo[39m]: [0mPOST /auth/openid/return [36m302[0m 322.273 ms - 64[0m
2024-10-18T16:16:46.363Z [[32minfo[39m]: [0mGET /dashboard [33m404[0m 2.857 ms - 148[0m
2024-10-18T16:24:18.960Z [[32minfo[39m]: Conexión a la base de datos establecida correctamente.
2024-10-18T16:24:18.967Z [[32minfo[39m]: Inicialización del servidor completada correctamente.
2024-10-18T16:24:19.694Z [[32minfo[39m]: Servidor escuchando en http://localhost:9090
2024-10-18T16:24:21.376Z [[32minfo[39m]: Base de datos sincronizada con éxito
2024-10-18T16:24:28.609Z [[32minfo[39m]: [0mGET /auth/login [36m302[0m 683.135 ms - 0[0m
2024-10-18T16:24:28.620Z [[32minfo[39m]: [0mGET /auth/login [36m302[0m 1.833 ms - 0[0m
2024-10-18T16:24:29.408Z [[32minfo[39m]: [0mPOST /auth/openid/return [36m302[0m 310.593 ms - 74[0m
2024-10-18T16:24:29.415Z [[32minfo[39m]: [0mGET /auth/dashboard [32m200[0m 2.622 ms - 113[0m
2024-10-18T16:38:02.996Z [[32minfo[39m]: Conexión a la base de datos establecida correctamente.
2024-10-18T16:38:03.001Z [[32minfo[39m]: Inicialización del servidor completada correctamente.
2024-10-18T16:38:03.719Z [[32minfo[39m]: Servidor escuchando en http://localhost:9090
2024-10-18T16:38:05.416Z [[32minfo[39m]: Base de datos sincronizada con éxito
2024-10-18T16:38:35.877Z [[32minfo[39m]: Conexión a la base de datos establecida correctamente.
2024-10-18T16:38:35.883Z [[32minfo[39m]: Inicialización del servidor completada correctamente.
2024-10-18T16:38:36.597Z [[32minfo[39m]: Servidor escuchando en http://localhost:9090
2024-10-18T16:38:38.283Z [[32minfo[39m]: Base de datos sincronizada con éxito
2024-10-18T16:39:05.582Z [[32minfo[39m]: Conexión a la base de datos establecida correctamente.
2024-10-18T16:39:05.588Z [[32minfo[39m]: Inicialización del servidor completada correctamente.
2024-10-18T16:39:06.339Z [[32minfo[39m]: Servidor escuchando en http://localhost:9090
2024-10-18T16:39:08.018Z [[32minfo[39m]: Base de datos sincronizada con éxito
2024-10-18T16:39:09.018Z [[32minfo[39m]: [0mGET /auth/dashboard [36m302[0m 7.134 ms - 56[0m
2024-10-18T16:39:09.024Z [[32minfo[39m]: [0mGET /login [33m404[0m 1.846 ms - 144[0m
2024-10-18T16:39:10.683Z [[32minfo[39m]: [0mGET /login [33m404[0m 1.330 ms - 144[0m
2024-10-18T16:39:16.708Z [[32minfo[39m]: [0mGET /auth/login [36m302[0m 682.491 ms - 0[0m
2024-10-18T16:39:17.028Z [[32minfo[39m]: [0mGET /auth/login [36m302[0m 1.703 ms - 0[0m
2024-10-18T16:39:17.739Z [[32minfo[39m]: [0mPOST /auth/openid/return [36m302[0m 4.711 ms - 74[0m
2024-10-18T16:39:36.485Z [[32minfo[39m]: [0mGET /auth/login [36m302[0m 1.705 ms - 0[0m
2024-10-18T16:39:37.407Z [[32minfo[39m]: [0mGET /auth/login [36m302[0m 1.892 ms - 0[0m
2024-10-18T16:39:37.904Z [[32minfo[39m]: [0mPOST /auth/openid/return [36m302[0m 2.981 ms - 74[0m
2024-10-18T16:39:49.952Z [[32minfo[39m]: [0mGET /auth/login [36m302[0m 1.462 ms - 0[0m
2024-10-18T16:40:06.930Z [[32minfo[39m]: [0mPOST /auth/openid/return [36m302[0m 3.373 ms - 74[0m
2024-10-18T16:40:07.033Z [[32minfo[39m]: [0mGET /favicon.ico [33m404[0m 1.145 ms - 150[0m
2024-10-18T16:41:49.887Z [[32minfo[39m]: Conexión a la base de datos establecida correctamente.
2024-10-18T16:41:49.892Z [[32minfo[39m]: Inicialización del servidor completada correctamente.
2024-10-18T16:41:50.658Z [[32minfo[39m]: Servidor escuchando en http://localhost:9090
2024-10-18T16:41:52.384Z [[32minfo[39m]: Base de datos sincronizada con éxito
2024-10-18T16:43:20.259Z [[32minfo[39m]: [0mGET /auth/login [36m302[0m 627.551 ms - 0[0m
2024-10-18T16:43:28.873Z [[32minfo[39m]: [0mPOST /auth/openid/return [36m302[0m 468.167 ms - 74[0m
2024-10-18T16:43:28.881Z [[32minfo[39m]: [0mGET /auth/dashboard [31m500[0m 3.319 ms - 16[0m
2024-10-18T16:46:13.173Z [[32minfo[39m]: Conexión a la base de datos establecida correctamente.
2024-10-18T16:46:13.178Z [[32minfo[39m]: Inicialización del servidor completada correctamente.
2024-10-18T16:46:14.180Z [[32minfo[39m]: Servidor escuchando en http://localhost:9090
2024-10-18T16:46:15.950Z [[32minfo[39m]: Base de datos sincronizada con éxito
2024-10-18T16:47:08.199Z [[32minfo[39m]: Conexión a la base de datos establecida correctamente.
2024-10-18T16:47:08.206Z [[32minfo[39m]: Inicialización del servidor completada correctamente.
2024-10-18T16:47:08.938Z [[32minfo[39m]: Servidor escuchando en http://localhost:9090
2024-10-18T16:47:10.657Z [[32minfo[39m]: Base de datos sincronizada con éxito
2024-10-18T16:48:35.598Z [[32minfo[39m]: Conexión a la base de datos establecida correctamente.
2024-10-18T16:48:35.604Z [[32minfo[39m]: Inicialización del servidor completada correctamente.
2024-10-18T16:48:36.347Z [[32minfo[39m]: Servidor escuchando en http://localhost:9090
2024-10-18T16:48:38.035Z [[32minfo[39m]: Base de datos sincronizada con éxito
2024-10-18T16:48:57.293Z [[32minfo[39m]: [0mGET /auth/login [36m302[0m 594.843 ms - 0[0m
2024-10-18T16:48:58.287Z [[32minfo[39m]: [0mPOST /auth/openid/return [36m302[0m 464.387 ms - 74[0m
2024-10-18T16:48:58.300Z [[32minfo[39m]: [0mGET /auth/dashboard [32m200[0m 9.374 ms - 2746[0m
2024-10-20T18:39:51.853Z [[32minfo[39m]: Conexión a la base de datos establecida correctamente.
2024-10-20T18:39:51.857Z [[32minfo[39m]: Inicialización del servidor completada correctamente.
2024-10-20T18:39:51.867Z [[32minfo[39m]: Servidor escuchando en http://localhost:9090
2024-10-20T18:39:52.339Z [[32minfo[39m]: Base de datos sincronizada con éxito
2024-10-20T18:40:30.588Z [[32minfo[39m]: [0mGET /auth/login [36m302[0m 630.743 ms - 0[0m
2024-10-20T18:40:53.712Z [[32minfo[39m]: [0mPOST /auth/openid/return [36m302[0m 406.364 ms - 74[0m
2024-10-20T18:40:53.722Z [[32minfo[39m]: [0mGET /auth/dashboard [32m200[0m 4.550 ms - 2650[0m
2024-10-20T18:40:53.850Z [[32minfo[39m]: [0mGET /favicon.ico [33m404[0m 1.362 ms - 150[0m
2024-10-21T00:41:15.290Z [[32minfo[39m]: Conexión a la base de datos establecida correctamente.
2024-10-21T00:41:15.295Z [[32minfo[39m]: Inicialización del servidor completada correctamente.
2024-10-21T00:41:15.305Z [[32minfo[39m]: Servidor escuchando en http://localhost:9090
2024-10-21T00:41:16.733Z [[32minfo[39m]: Base de datos sincronizada con éxito
2024-10-21T00:45:25.120Z [[32minfo[39m]: Conexión a la base de datos establecida correctamente.
2024-10-21T00:45:25.123Z [[32minfo[39m]: Inicialización del servidor completada correctamente.
2024-10-21T00:45:25.133Z [[32minfo[39m]: Servidor escuchando en http://localhost:9090
2024-10-21T00:45:25.646Z [[32minfo[39m]: Base de datos sincronizada con éxito
2024-10-21T00:45:49.946Z [[33mwarn[39m]: Intento de acceso sin autenticación.
2024-10-21T00:45:49.950Z [[32minfo[39m]: [0mGET /auth/dashboard [36m302[0m 4.401 ms - 56[0m
2024-10-21T00:45:49.955Z [[32minfo[39m]: [0mGET /login [33m404[0m 1.272 ms - 144[0m
2024-10-21T00:45:59.294Z [[32minfo[39m]: State generado:
2024-10-21T00:45:59.984Z [[32minfo[39m]: [0mGET /auth/login [36m302[0m 689.534 ms - 0[0m
2024-10-21T00:46:00.607Z [[32minfo[39m]: Body
2024-10-21T00:46:00.608Z [[32minfo[39m]: Query
2024-10-21T00:46:00.608Z [[32minfo[39m]: State recibido desde Azure:
2024-10-21T00:46:00.895Z [[32minfo[39m]: Usuario autenticado:
2024-10-21T00:46:00.899Z [[32minfo[39m]: [0mPOST /auth/openid/return [36m302[0m 291.444 ms - 74[0m
2024-10-21T00:46:00.910Z [[32minfo[39m]: [0mGET /auth/dashboard [32m200[0m 4.714 ms - 2650[0m
2024-10-21T00:48:07.021Z [[32minfo[39m]: [0mGET /auth/dashboard [31m500[0m 1.977 ms - 16[0m
2024-10-21T00:48:54.586Z [[32minfo[39m]: [0mGET /auth/dashboard [32m200[0m 1.104 ms - 3839[0m
2024-10-21T00:48:54.612Z [[32minfo[39m]: [0mGET /styles.css [33m404[0m 0.758 ms - 149[0m
2024-10-21T00:49:01.058Z [[32minfo[39m]: [0mGET /auth/dashboard [36m304[0m 1.312 ms - -[0m
2024-10-21T00:49:01.079Z [[32minfo[39m]: [0mGET /styles.css [33m404[0m 0.565 ms - 149[0m
2024-10-21T00:50:30.735Z [[32minfo[39m]: Conexión a la base de datos establecida correctamente.
2024-10-21T00:50:30.740Z [[32minfo[39m]: Inicialización del servidor completada correctamente.
2024-10-21T00:50:30.751Z [[32minfo[39m]: Servidor escuchando en http://localhost:9090
2024-10-21T00:50:31.426Z [[32minfo[39m]: Base de datos sincronizada con éxito
2024-10-21T00:50:33.011Z [[33mwarn[39m]: Intento de acceso sin autenticación.
2024-10-21T00:50:33.015Z [[32minfo[39m]: [0mGET /auth/dashboard [36m302[0m 4.153 ms - 56[0m
2024-10-21T00:50:33.020Z [[32minfo[39m]: [0mGET /login [33m404[0m 1.241 ms - 144[0m
2024-10-21T00:50:37.894Z [[32minfo[39m]: State generado:
2024-10-21T00:50:38.574Z [[32minfo[39m]: [0mGET /auth/login [36m302[0m 679.893 ms - 0[0m
2024-10-21T00:50:39.185Z [[32minfo[39m]: Body
2024-10-21T00:50:39.186Z [[32minfo[39m]: Query
2024-10-21T00:50:39.186Z [[32minfo[39m]: State recibido desde Azure:
2024-10-21T00:50:39.505Z [[32minfo[39m]: Usuario autenticado:
2024-10-21T00:50:39.508Z [[32minfo[39m]: [0mPOST /auth/openid/return [36m302[0m 322.844 ms - 74[0m
2024-10-21T00:50:39.519Z [[32minfo[39m]: [0mGET /auth/dashboard [32m200[0m 4.704 ms - 4043[0m
2024-10-21T00:50:39.550Z [[32minfo[39m]: [0mGET /styles.css [33m404[0m 0.822 ms - 149[0m
2024-10-21T00:53:50.527Z [[32minfo[39m]: Conexión a la base de datos establecida correctamente.
2024-10-21T00:53:50.531Z [[32minfo[39m]: Inicialización del servidor completada correctamente.
2024-10-21T00:53:50.542Z [[32minfo[39m]: Servidor escuchando en http://localhost:9090
2024-10-21T00:53:52.199Z [[32minfo[39m]: Base de datos sincronizada con éxito
2024-10-21T00:55:15.327Z [[32minfo[39m]: Conexión a la base de datos establecida correctamente.
2024-10-21T00:55:15.331Z [[32minfo[39m]: Inicialización del servidor completada correctamente.
2024-10-21T00:55:15.341Z [[32minfo[39m]: Servidor escuchando en http://localhost:9090
2024-10-21T00:55:17.699Z [[32minfo[39m]: Base de datos sincronizada con éxito
2024-10-21T00:55:58.496Z [[32minfo[39m]: Conexión a la base de datos establecida correctamente.
2024-10-21T00:55:58.499Z [[32minfo[39m]: Inicialización del servidor completada correctamente.
2024-10-21T00:55:58.509Z [[32minfo[39m]: Servidor escuchando en http://localhost:9090
2024-10-21T00:55:59.506Z [[31merror[39m]: Error al conectar la base de datos: (conn:400359, no: 45012, SQLState: 08S01) Connection timeout: failed to create socket after 1001ms
2024-10-21T00:56:52.932Z [[32minfo[39m]: Conexión a la base de datos establecida correctamente.
2024-10-21T00:56:52.936Z [[32minfo[39m]: Inicialización del servidor completada correctamente.
2024-10-21T00:56:52.945Z [[32minfo[39m]: Servidor escuchando en http://localhost:9090
2024-10-21T00:56:54.250Z [[32minfo[39m]: Base de datos sincronizada con éxito
2024-10-21T00:57:03.145Z [[33mwarn[39m]: Intento de acceso sin autenticación.
2024-10-21T00:57:03.149Z [[32minfo[39m]: [0mGET /auth/dashboard [36m302[0m 4.184 ms - 66[0m
2024-10-21T00:57:03.153Z [[32minfo[39m]: State generado:
2024-10-21T00:57:03.853Z [[32minfo[39m]: [0mGET /auth/login [36m302[0m 700.768 ms - 0[0m
2024-10-21T00:57:04.711Z [[32minfo[39m]: Usuario autenticado:
2024-10-21T00:57:04.715Z [[32minfo[39m]: [0mPOST /auth/openid/return [36m302[0m 293.272 ms - 74[0m
2024-10-21T00:57:04.725Z [[32minfo[39m]: [0mGET /auth/dashboard [32m200[0m 4.420 ms - 4043[0m
2024-10-21T00:57:04.760Z [[32minfo[39m]: [0mGET /styles.css [33m404[0m 1.297 ms - 149[0m
2024-10-21T01:02:46.371Z [[32minfo[39m]: Conexión a la base de datos establecida correctamente.
2024-10-21T01:02:46.376Z [[32minfo[39m]: Inicialización del servidor completada correctamente.
2024-10-21T01:02:46.385Z [[32minfo[39m]: Servidor escuchando en http://localhost:9090
2024-10-21T01:02:48.558Z [[32minfo[39m]: Base de datos sincronizada con éxito
2024-10-21T01:03:42.440Z [[33mwarn[39m]: Intento de acceso sin autenticación.
2024-10-21T01:03:42.443Z [[32minfo[39m]: [0mGET /auth/dashboard [36m302[0m 4.122 ms - 56[0m
2024-10-21T01:03:42.449Z [[32minfo[39m]: [0mGET /login [33m404[0m 1.197 ms - 144[0m
2024-10-21T01:03:47.963Z [[32minfo[39m]: State generado:
2024-10-21T01:03:49.142Z [[32minfo[39m]: [0mGET /auth/login [36m302[0m 1179.205 ms - 0[0m
2024-10-21T01:03:50.009Z [[32minfo[39m]: Body
2024-10-21T01:03:50.009Z [[32minfo[39m]: Query
2024-10-21T01:03:50.009Z [[32minfo[39m]: State recibido desde Azure:
2024-10-21T01:03:50.297Z [[32minfo[39m]: Usuario autenticado:
2024-10-21T01:03:50.301Z [[32minfo[39m]: [0mPOST /auth/openid/return [36m302[0m 292.139 ms - 74[0m
2024-10-21T01:03:50.312Z [[32minfo[39m]: [0mGET /auth/dashboard [32m200[0m 4.565 ms - 4044[0m
2024-10-21T01:03:50.342Z [[32minfo[39m]: [0mGET /styles.css [33m404[0m 0.726 ms - 149[0m
2024-10-22T15:13:38.038Z [[32minfo[39m]: State generado:
2024-10-22T15:13:38.971Z [[32minfo[39m]: [0mGET /auth/login [36m302[0m 933.049 ms - 0[0m
2024-10-22T15:13:39.049Z [[32minfo[39m]: State generado:
2024-10-22T15:13:39.049Z [[32minfo[39m]: [0mGET /auth/login [36m302[0m 0.882 ms - 0[0m
2024-10-22T15:13:39.384Z [[32minfo[39m]: Body
2024-10-22T15:13:39.384Z [[32minfo[39m]: Query
2024-10-22T15:13:39.384Z [[32minfo[39m]: State recibido desde Azure:
2024-10-22T15:13:39.756Z [[32minfo[39m]: Usuario autenticado:
2024-10-22T15:13:39.758Z [[32minfo[39m]: [0mPOST /auth/openid/return [36m302[0m 373.509 ms - 74[0m
2024-10-22T15:13:39.762Z [[32minfo[39m]: [0mGET /auth/dashboard [32m200[0m 1.077 ms - 1117[0m
2024-10-22T15:13:39.785Z [[32minfo[39m]: [0mGET /styles.css [33m404[0m 0.542 ms - 149[0m
2024-10-22T15:18:03.946Z [[32minfo[39m]: [0mGET /auth/dashboard [36m304[0m 1.532 ms - -[0m
2024-10-22T15:18:03.960Z [[32minfo[39m]: [0mGET /styles.css [33m404[0m 0.909 ms - 149[0m
2024-10-22T15:18:05.516Z [[32minfo[39m]: [0mGET /auth/dashboard [36m304[0m 1.267 ms - -[0m
2024-10-22T15:18:05.533Z [[32minfo[39m]: [0mGET /styles.css [33m404[0m 1.614 ms - 149[0m
2024-10-22T15:18:06.118Z [[32minfo[39m]: [0mGET /auth/dashboard [36m304[0m 1.235 ms - -[0m
2024-10-22T15:18:06.130Z [[32minfo[39m]: [0mGET /styles.css [33m404[0m 0.731 ms - 149[0m
2024-10-22T15:18:06.294Z [[32minfo[39m]: [0mGET /auth/dashboard [36m304[0m 1.172 ms - -[0m
2024-10-22T15:18:06.308Z [[32minfo[39m]: [0mGET /styles.css [33m404[0m 0.834 ms - 149[0m
2024-10-22T15:18:06.469Z [[32minfo[39m]: [0mGET /auth/dashboard [36m304[0m 1.935 ms - -[0m
2024-10-22T15:18:06.482Z [[32minfo[39m]: [0mGET /styles.css [33m404[0m 0.732 ms - 149[0m
2024-10-22T15:18:10.949Z [[32minfo[39m]: State generado:
2024-10-22T15:18:10.950Z [[32minfo[39m]: [0mGET /auth/login [36m302[0m 1.163 ms - 0[0m
2024-10-22T15:18:13.213Z [[32minfo[39m]: State generado:
2024-10-22T15:18:13.214Z [[32minfo[39m]: [0mGET /auth/login [36m302[0m 1.245 ms - 0[0m
2024-10-22T15:18:14.122Z [[32minfo[39m]: Body
2024-10-22T15:18:14.122Z [[32minfo[39m]: Query
2024-10-22T15:18:14.122Z [[32minfo[39m]: State recibido desde Azure:
2024-10-22T15:18:14.123Z [[33mwarn[39m]: Usuario no autenticado:
2024-10-22T15:18:14.123Z [[32minfo[39m]: [0mPOST /auth/openid/return [36m302[0m 1.288 ms - 74[0m
2024-10-22T15:18:50.078Z [[32minfo[39m]: State generado:
2024-10-22T15:18:50.079Z [[32minfo[39m]: [0mGET /auth/login [36m302[0m 1.252 ms - 0[0m
2024-10-22T15:18:54.305Z [[32minfo[39m]: Body
2024-10-22T15:18:54.306Z [[32minfo[39m]: Query
2024-10-22T15:18:54.306Z [[32minfo[39m]: State recibido desde Azure:
2024-10-22T15:18:54.306Z [[33mwarn[39m]: Usuario no autenticado:
2024-10-22T15:18:54.307Z [[32minfo[39m]: [0mPOST /auth/openid/return [36m302[0m 1.200 ms - 74[0m
2024-10-22T15:19:11.578Z [[32minfo[39m]: State generado:
2024-10-22T15:19:11.579Z [[32minfo[39m]: [0mGET /auth/login [36m302[0m 0.878 ms - 0[0m
2024-10-22T15:19:12.605Z [[32minfo[39m]: State generado:
2024-10-22T15:19:12.606Z [[32minfo[39m]: [0mGET /auth/login [36m302[0m 1.528 ms - 0[0m
2024-10-22T15:19:36.745Z [[32minfo[39m]: Body
2024-10-22T15:19:36.745Z [[32minfo[39m]: Query
2024-10-22T15:19:36.745Z [[32minfo[39m]: State recibido desde Azure:
2024-10-22T15:19:37.207Z [[32minfo[39m]: Usuario autenticado:
2024-10-22T15:19:37.208Z [[32minfo[39m]: [0mPOST /auth/openid/return [36m302[0m 463.342 ms - 74[0m
2024-10-22T15:19:37.212Z [[32minfo[39m]: [0mGET /auth/dashboard [32m200[0m 0.930 ms - 1117[0m
2024-10-22T15:19:37.241Z [[32minfo[39m]: [0mGET /styles.css [33m404[0m 1.237 ms - 149[0m
2024-10-22T15:20:01.294Z [[32minfo[39m]: Conexión a la base de datos establecida correctamente.
2024-10-22T15:20:01.298Z [[32minfo[39m]: Inicialización del servidor completada correctamente.
2024-10-22T15:20:01.308Z [[32minfo[39m]: Servidor escuchando en http://localhost:9090
2024-10-22T15:20:01.633Z [[32minfo[39m]: Base de datos sincronizada con éxito
2024-10-22T15:20:05.094Z [[33mwarn[39m]: Intento de acceso sin autenticación.
2024-10-22T15:20:05.098Z [[32minfo[39m]: [0mGET /auth/dashboard [36m302[0m 3.856 ms - 56[0m
2024-10-22T15:20:05.101Z [[32minfo[39m]: [0mGET /login [33m404[0m 1.162 ms - 144[0m
2024-10-22T15:20:11.234Z [[32minfo[39m]: State generado:
2024-10-22T15:20:11.934Z [[32minfo[39m]: [0mGET /auth/login [36m302[0m 700.430 ms - 0[0m
2024-10-22T15:20:12.522Z [[32minfo[39m]: Body
2024-10-22T15:20:12.522Z [[32minfo[39m]: Query
2024-10-22T15:20:12.522Z [[32minfo[39m]: State recibido desde Azure:
2024-10-22T15:20:12.820Z [[32minfo[39m]: Usuario autenticado:
2024-10-22T15:20:12.823Z [[32minfo[39m]: [0mPOST /auth/openid/return [36m302[0m 301.113 ms - 74[0m
2024-10-22T15:20:12.832Z [[32minfo[39m]: [0mGET /auth/dashboard [32m200[0m 5.622 ms - 1291[0m
2024-10-22T15:20:12.855Z [[32minfo[39m]: [0mGET /styles.css [33m404[0m 0.629 ms - 149[0m
2024-10-22T19:21:57.916Z [[32minfo[39m]: Conexión a la base de datos establecida correctamente.
2024-10-22T19:21:57.920Z [[32minfo[39m]: Inicialización del servidor completada correctamente.
2024-10-22T19:21:57.930Z [[32minfo[39m]: Servidor escuchando en http://localhost:9090
2024-10-22T19:21:58.223Z [[32minfo[39m]: Base de datos sincronizada con éxito
2024-10-22T19:21:59.840Z [[32minfo[39m]: Conexión a la base de datos establecida correctamente.
2024-10-22T19:21:59.844Z [[32minfo[39m]: Inicialización del servidor completada correctamente.
2024-10-22T19:21:59.854Z [[32minfo[39m]: Servidor escuchando en http://localhost:9090
2024-10-22T19:22:00.026Z [[32minfo[39m]: Base de datos sincronizada con éxito
2024-10-22T19:22:21.530Z [[32minfo[39m]: Conexión a la base de datos establecida correctamente.
2024-10-22T19:22:21.534Z [[32minfo[39m]: Inicialización del servidor completada correctamente.
2024-10-22T19:22:21.545Z [[32minfo[39m]: Servidor escuchando en http://localhost:9090
2024-10-22T19:22:22.509Z [[32minfo[39m]: Base de datos sincronizada con éxito
2024-10-22T19:22:33.578Z [[32minfo[39m]: Conexión a la base de datos establecida correctamente.
2024-10-22T19:22:33.582Z [[32minfo[39m]: Inicialización del servidor completada correctamente.
2024-10-22T19:22:33.592Z [[32minfo[39m]: Servidor escuchando en http://localhost:9090
2024-10-22T19:22:33.751Z [[32minfo[39m]: Base de datos sincronizada con éxito
2024-10-22T19:26:24.368Z [[32minfo[39m]: Conexión a la base de datos establecida correctamente.
2024-10-22T19:26:24.372Z [[32minfo[39m]: Inicialización del servidor completada correctamente.
2024-10-22T19:26:24.383Z [[32minfo[39m]: Servidor escuchando en http://localhost:9090
2024-10-22T19:26:24.562Z [[32minfo[39m]: Base de datos sincronizada con éxito
2024-10-22T19:29:57.210Z [[32minfo[39m]: Conexión a la base de datos establecida correctamente.
2024-10-22T19:29:57.215Z [[32minfo[39m]: Inicialización del servidor completada correctamente.
2024-10-22T19:29:57.225Z [[32minfo[39m]: Servidor escuchando en http://localhost:9090
2024-10-22T19:29:57.395Z [[32minfo[39m]: Base de datos sincronizada con éxito
2024-10-22T19:30:01.018Z [[32minfo[39m]: Conexión a la base de datos establecida correctamente.
2024-10-22T19:30:01.022Z [[32minfo[39m]: Inicialización del servidor completada correctamente.
2024-10-22T19:30:01.032Z [[32minfo[39m]: Servidor escuchando en http://localhost:9090
2024-10-22T19:30:01.163Z [[32minfo[39m]: Base de datos sincronizada con éxito
2024-10-22T19:32:06.583Z [[32minfo[39m]: Conexión a la base de datos establecida correctamente.
2024-10-22T19:32:06.587Z [[32minfo[39m]: Inicialización del servidor completada correctamente.
2024-10-22T19:32:06.599Z [[32minfo[39m]: Servidor escuchando en http://localhost:9090
2024-10-22T19:32:06.756Z [[32minfo[39m]: Base de datos sincronizada con éxito
2024-10-22T19:32:48.053Z [[32minfo[39m]: Conexión a la base de datos establecida correctamente.
2024-10-22T19:32:48.057Z [[32minfo[39m]: Inicialización del servidor completada correctamente.
2024-10-22T19:32:48.067Z [[32minfo[39m]: Servidor escuchando en http://localhost:9090
2024-10-22T19:32:48.225Z [[32minfo[39m]: Base de datos sincronizada con éxito
2024-10-22T19:33:43.516Z [[32minfo[39m]: Conexión a la base de datos establecida correctamente.
2024-10-22T19:33:43.520Z [[32minfo[39m]: Inicialización del servidor completada correctamente.
2024-10-22T19:33:43.531Z [[32minfo[39m]: Servidor escuchando en http://localhost:9090
2024-10-22T19:33:43.711Z [[32minfo[39m]: Base de datos sincronizada con éxito
2024-10-22T19:33:45.345Z [[32minfo[39m]: Conexión a la base de datos establecida correctamente.
2024-10-22T19:33:45.349Z [[32minfo[39m]: Inicialización del servidor completada correctamente.
2024-10-22T19:33:45.359Z [[32minfo[39m]: Servidor escuchando en http://localhost:9090
2024-10-22T19:33:45.513Z [[32minfo[39m]: Base de datos sincronizada con éxito
2024-10-22T19:34:01.636Z [[32minfo[39m]: Conexión a la base de datos establecida correctamente.
2024-10-22T19:34:01.640Z [[32minfo[39m]: Inicialización del servidor completada correctamente.
2024-10-22T19:34:01.652Z [[32minfo[39m]: Servidor escuchando en http://localhost:9090
2024-10-22T19:34:01.784Z [[32minfo[39m]: Base de datos sincronizada con éxito
2024-10-22T19:34:03.149Z [[32minfo[39m]: Conexión a la base de datos establecida correctamente.
2024-10-22T19:34:03.153Z [[32minfo[39m]: Inicialización del servidor completada correctamente.
2024-10-22T19:34:03.162Z [[32minfo[39m]: Servidor escuchando en http://localhost:9090
2024-10-22T19:34:03.321Z [[32minfo[39m]: Base de datos sincronizada con éxito
2024-10-22T19:41:39.793Z [[32minfo[39m]: Conexión a la base de datos establecida correctamente.
2024-10-22T19:41:39.798Z [[32minfo[39m]: Inicialización del servidor completada correctamente.
2024-10-22T19:41:39.812Z [[32minfo[39m]: Servidor escuchando en http://localhost:9090
2024-10-22T19:41:39.998Z [[32minfo[39m]: Base de datos sincronizada con éxito
2024-10-22T19:44:22.771Z [[32minfo[39m]: Conexión a la base de datos establecida correctamente.
2024-10-22T19:44:22.775Z [[32minfo[39m]: Inicialización del servidor completada correctamente.
2024-10-22T19:44:22.784Z [[32minfo[39m]: Servidor escuchando en http://localhost:9090
2024-10-22T19:44:22.988Z [[32minfo[39m]: Base de datos sincronizada con éxito
2024-10-22T19:45:45.078Z [[32minfo[39m]: Conexión a la base de datos establecida correctamente.
2024-10-22T19:45:45.082Z [[32minfo[39m]: Inicialización del servidor completada correctamente.
2024-10-22T19:45:45.092Z [[32minfo[39m]: Servidor escuchando en http://localhost:9090
2024-10-22T19:45:45.250Z [[32minfo[39m]: Base de datos sincronizada con éxito
2024-10-22T19:48:21.214Z [[32minfo[39m]: Conexión a la base de datos establecida correctamente.
2024-10-22T19:48:21.218Z [[32minfo[39m]: Inicialización del servidor completada correctamente.
2024-10-22T19:48:21.227Z [[32minfo[39m]: Servidor escuchando en http://localhost:9090
2024-10-22T19:48:21.360Z [[32minfo[39m]: Base de datos sincronizada con éxito
2024-10-22T19:51:44.623Z [[32minfo[39m]: Conexión a la base de datos establecida correctamente.
2024-10-22T19:51:44.627Z [[32minfo[39m]: Inicialización del servidor completada correctamente.
2024-10-22T19:51:44.639Z [[32minfo[39m]: Servidor escuchando en http://localhost:9090
2024-10-22T19:51:44.778Z [[32minfo[39m]: Base de datos sincronizada con éxito
2024-10-22T19:51:46.595Z [[32minfo[39m]: Conexión a la base de datos establecida correctamente.
2024-10-22T19:51:46.599Z [[32minfo[39m]: Inicialización del servidor completada correctamente.
2024-10-22T19:51:46.610Z [[32minfo[39m]: Servidor escuchando en http://localhost:9090
2024-10-22T19:51:46.749Z [[32minfo[39m]: Base de datos sincronizada con éxito
2024-10-22T19:52:29.744Z [[32minfo[39m]: Conexión a la base de datos establecida correctamente.
2024-10-22T19:52:29.748Z [[32minfo[39m]: Inicialización del servidor completada correctamente.
2024-10-22T19:52:29.758Z [[32minfo[39m]: Servidor escuchando en http://localhost:9090
2024-10-22T19:52:30.030Z [[32minfo[39m]: Base de datos sincronizada con éxito
2024-10-22T19:53:43.978Z [[32minfo[39m]: Conexión a la base de datos establecida correctamente.
2024-10-22T19:53:43.983Z [[32minfo[39m]: Inicialización del servidor completada correctamente.
2024-10-22T19:53:43.993Z [[32minfo[39m]: Servidor escuchando en http://localhost:9090
2024-10-22T19:53:44.155Z [[32minfo[39m]: Base de datos sincronizada con éxito
2024-10-22T19:54:18.953Z [[32minfo[39m]: State generado:
2024-10-22T19:54:20.079Z [[32minfo[39m]: [0mGET /auth/login [36m302[0m 1127.212 ms - 0[0m
2024-10-22T19:58:36.614Z [[32minfo[39m]: Conexión a la base de datos establecida correctamente.
2024-10-22T19:58:36.620Z [[32minfo[39m]: Inicialización del servidor completada correctamente.
2024-10-22T19:58:36.630Z [[32minfo[39m]: Servidor escuchando en http://localhost:9090
2024-10-22T19:58:36.843Z [[32minfo[39m]: Base de datos sincronizada con éxito
2024-10-22T20:01:36.182Z [[32minfo[39m]: Conexión a la base de datos establecida correctamente.
2024-10-22T20:01:36.188Z [[32minfo[39m]: Inicialización del servidor completada correctamente.
2024-10-22T20:01:36.199Z [[32minfo[39m]: Servidor escuchando en http://localhost:9090
2024-10-22T20:01:36.332Z [[32minfo[39m]: Base de datos sincronizada con éxito
2024-10-22T20:03:20.067Z [[32minfo[39m]: State generado:
2024-10-22T20:03:21.341Z [[32minfo[39m]: [0mGET /auth/login [36m302[0m 1275.023 ms - 0[0m
2024-10-22T20:03:22.697Z [[32minfo[39m]: Body:
2024-10-22T20:03:22.697Z [[32minfo[39m]: Query:
2024-10-22T20:03:22.697Z [[32minfo[39m]: State recibido desde Azure:
2024-10-22T20:03:23.120Z [[32minfo[39m]: Usuario autenticado:
2024-10-22T20:03:23.124Z [[32minfo[39m]: [0mPOST /auth/openid/return [32m200[0m 426.756 ms - 2332[0m
2024-10-22T20:10:00.906Z [[32minfo[39m]: Conexión a la base de datos establecida correctamente.
2024-10-22T20:10:00.910Z [[32minfo[39m]: Inicialización del servidor completada correctamente.
2024-10-22T20:10:00.920Z [[32minfo[39m]: Servidor escuchando en http://localhost:9090
2024-10-22T20:10:01.064Z [[32minfo[39m]: Base de datos sincronizada con éxito
2024-10-22T20:10:09.199Z [[32minfo[39m]: Body:
2024-10-22T20:10:09.199Z [[32minfo[39m]: Query:
2024-10-22T20:10:09.199Z [[32minfo[39m]: State recibido desde Azure:
2024-10-22T20:10:09.201Z [[33mwarn[39m]: Usuario no autenticado:
2024-10-22T20:10:09.205Z [[32minfo[39m]: [0mPOST /auth/openid/return [36m302[0m 5.958 ms - 74[0m
2024-10-22T20:10:15.879Z [[32minfo[39m]: State generado:
2024-10-22T20:10:16.715Z [[32minfo[39m]: [0mGET /auth/login [36m302[0m 836.462 ms - 0[0m
2024-10-22T20:10:17.371Z [[32minfo[39m]: Body:
2024-10-22T20:10:17.371Z [[32minfo[39m]: Query:
2024-10-22T20:10:17.371Z [[32minfo[39m]: State recibido desde Azure:
2024-10-22T20:10:17.688Z [[32minfo[39m]: Usuario autenticado:
2024-10-22T20:10:17.691Z [[32minfo[39m]: [0mPOST /auth/openid/return [32m200[0m 319.592 ms - 2423[0m
2024-10-22T20:41:18.971Z [[32minfo[39m]: Conexión a la base de datos establecida correctamente.
2024-10-22T20:41:18.975Z [[32minfo[39m]: Inicialización del servidor completada correctamente.
2024-10-22T20:41:18.985Z [[32minfo[39m]: Servidor escuchando en http://localhost:9090
2024-10-22T20:41:19.595Z [[32minfo[39m]: Base de datos sincronizada con éxito
2024-10-22T20:41:32.824Z [[32minfo[39m]: Conexión a la base de datos establecida correctamente.
2024-10-22T20:41:32.828Z [[32minfo[39m]: Inicialización del servidor completada correctamente.
2024-10-22T20:41:32.838Z [[32minfo[39m]: Servidor escuchando en http://localhost:9090
2024-10-22T20:41:33.296Z [[32minfo[39m]: Base de datos sincronizada con éxito
2024-10-22T20:50:46.739Z [[32minfo[39m]: Conexión a la base de datos establecida correctamente.
2024-10-22T20:50:46.743Z [[32minfo[39m]: Inicialización del servidor completada correctamente.
2024-10-22T20:50:46.751Z [[32minfo[39m]: Servidor escuchando en http://localhost:9090
2024-10-22T20:50:46.873Z [[32minfo[39m]: Conexión a la base de datos establecida con éxito
2024-10-22T20:56:27.312Z [[32minfo[39m]: Inicialización del servidor completada correctamente.
2024-10-22T20:56:27.322Z [[32minfo[39m]: Servidor escuchando en http://localhost:9090
2024-10-22T20:56:27.504Z [[32minfo[39m]: Conexión a la base de datos establecida con éxito
2024-10-22T20:56:49.650Z [[33mwarn[39m]: Intento de acceso sin autenticación.
2024-10-22T20:56:49.653Z [[32minfo[39m]: [0mGET /empresas [33m401[0m 3.252 ms - 44[0m
2024-10-22T20:57:07.889Z [[32minfo[39m]: State generado:
2024-10-22T20:57:08.638Z [[32minfo[39m]: [0mGET /auth/login [36m302[0m 749.527 ms - 0[0m
2024-10-22T20:57:09.367Z [[32minfo[39m]: Body:
2024-10-22T20:57:09.367Z [[32minfo[39m]: Query:
2024-10-22T20:57:09.367Z [[32minfo[39m]: State recibido desde Azure:
2024-10-22T20:57:09.657Z [[32minfo[39m]: Usuario autenticado:
2024-10-22T20:57:09.660Z [[32minfo[39m]: [0mPOST /auth/openid/return [32m200[0m 293.189 ms - 2423[0m
2024-10-22T20:57:36.473Z [[33mwarn[39m]: Intento de acceso sin autenticación.
2024-10-22T20:57:36.474Z [[32minfo[39m]: [0mGET /empresas [33m401[0m 1.070 ms - 44[0m
2024-10-22T21:06:11.016Z [[32minfo[39m]: Inicialización del servidor completada correctamente.
2024-10-22T21:06:11.028Z [[32minfo[39m]: Servidor escuchando en http://localhost:9090
2024-10-22T21:06:11.161Z [[32minfo[39m]: Conexión a la base de datos establecida con éxito
2024-10-22T21:11:06.663Z [[32minfo[39m]: Inicialización del servidor completada correctamente.
2024-10-22T21:11:06.673Z [[32minfo[39m]: Servidor escuchando en http://localhost:9090
2024-10-22T21:11:06.808Z [[32minfo[39m]: Conexión a la base de datos establecida con éxito
2024-10-22T21:11:18.468Z [[32minfo[39m]: Inicialización del servidor completada correctamente.
2024-10-22T21:11:18.478Z [[32minfo[39m]: Servidor escuchando en http://localhost:9090
2024-10-22T21:11:18.631Z [[32minfo[39m]: Conexión a la base de datos establecida con éxito
2024-10-22T21:11:32.517Z [[32minfo[39m]: Usuario autenticado: German Luis Ojeda (9e89f97f-0c22-438f-8847-61b260aaa9a1)
2024-10-22T21:11:32.713Z [[32minfo[39m]: Obtenidos 2 registros de Empresa
2024-10-22T21:11:32.713Z [[32minfo[39m]: Listado de 2 empresas obtenido por German Luis Ojeda
2024-10-22T21:11:32.717Z [[32minfo[39m]: [0mGET /empresas [32m200[0m 201.608 ms - 302[0m
2024-10-22T21:12:36.522Z [[32minfo[39m]: Usuario autenticado: German Luis Ojeda (9e89f97f-0c22-438f-8847-61b260aaa9a1)
2024-10-22T21:12:36.608Z [[32minfo[39m]: Registro creado en Empresa con ID: undefined
2024-10-22T21:12:36.618Z [[32minfo[39m]: Acción registrada: CREAR en Empresa por German Luis Ojeda
2024-10-22T21:12:36.709Z [[32minfo[39m]: Empresa creada con ID: a3e7c0b9-95dc-4793-9f03-d26c63bccfd3 por German Luis Ojeda
2024-10-22T21:12:36.710Z [[32minfo[39m]: [0mPOST /empresas [32m201[0m 189.513 ms - 149[0m
2024-10-22T21:12:42.547Z [[32minfo[39m]: Usuario autenticado: German Luis Ojeda (9e89f97f-0c22-438f-8847-61b260aaa9a1)
2024-10-22T21:12:42.556Z [[32minfo[39m]: Obtenidos 3 registros de Empresa
2024-10-22T21:12:42.557Z [[32minfo[39m]: Listado de 3 empresas obtenido por German Luis Ojeda
2024-10-22T21:12:42.557Z [[32minfo[39m]: [0mGET /empresas [32m200[0m 11.143 ms - 452[0m
2024-10-22T21:14:39.430Z [[32minfo[39m]: Usuario autenticado: German Luis Ojeda (9e89f97f-0c22-438f-8847-61b260aaa9a1)
2024-10-22T21:14:39.587Z [[33mwarn[39m]: Registro no encontrado en Empresa con ID: 711172c4-030d-49e6-8be4-1c3953c2f303
2024-10-22T21:14:39.587Z [[31merror[39m]: Error obteniendo registro por ID: Registro no encontrado
2024-10-22T21:14:39.588Z [[31merror[39m]: Error eliminando registro: Registro no encontrado
2024-10-22T21:14:39.597Z [[31merror[39m]: Error eliminando empresa: Registro no encontrado
2024-10-22T21:14:39.598Z [[32minfo[39m]: [0mDELETE /empresas/711172c4-030d-49e6-8be4-1c3953c2f303 [31m500[0m 168.976 ms - 39[0m
2024-10-22T21:15:08.490Z [[32minfo[39m]: Usuario autenticado: German Luis Ojeda (9e89f97f-0c22-438f-8847-61b260aaa9a1)
2024-10-22T21:15:08.629Z [[32minfo[39m]: Registro encontrado en Empresa con ID: a3e7c0b9-95dc-4793-9f03-d26c63bccfd3
2024-10-22T21:15:08.656Z [[32minfo[39m]: Registro eliminado de Empresa con ID: a3e7c0b9-95dc-4793-9f03-d26c63bccfd3
2024-10-22T21:15:08.666Z [[32minfo[39m]: Acción registrada: ELIMINAR en Empresa por German Luis Ojeda
2024-10-22T21:15:08.798Z [[32minfo[39m]: Empresa eliminada con ID: a3e7c0b9-95dc-4793-9f03-d26c63bccfd3 por German Luis Ojeda
2024-10-22T21:15:08.799Z [[32minfo[39m]: [0mDELETE /empresas/a3e7c0b9-95dc-4793-9f03-d26c63bccfd3 [32m204[0m 309.312 ms - -[0m
2024-10-22T21:29:15.062Z [[32minfo[39m]: Usuario autenticado: German Luis Ojeda (9e89f97f-0c22-438f-8847-61b260aaa9a1)
2024-10-22T21:29:15.126Z [[31merror[39m]: Error obteniendo registros: (conn:480146, no: 1146, SQLState: 42S02) Table 'megasys2.Empresas' doesn't exist
sql: SELECT `id_empresa`, `nombre`, `createdAt`, `updatedAt` FROM `Empresas` AS `Empresa` ORDER BY `Empresa`.`nombre` ASC; - parameters:[]
2024-10-22T21:29:15.127Z [[31merror[39m]: Error listando empresas: (conn:480146, no: 1146, SQLState: 42S02) Table 'megasys2.Empresas' doesn't exist
sql: SELECT `id_empresa`, `nombre`, `createdAt`, `updatedAt` FROM `Empresas` AS `Empresa` ORDER BY `Empresa`.`nombre` ASC; - parameters:[]
2024-10-22T21:29:15.127Z [[32minfo[39m]: [0mGET /empresas [31m500[0m 65.920 ms - 38[0m
2024-10-22T23:21:22.534Z [[32minfo[39m]: Inicialización del servidor completada correctamente.
2024-10-22T23:21:22.544Z [[32minfo[39m]: Servidor escuchando en http://localhost:9090
2024-10-22T23:21:22.749Z [[32minfo[39m]: Conexión a la base de datos establecida con éxito
2024-10-22T23:21:46.368Z [[32minfo[39m]: Inicialización del servidor completada correctamente.
2024-10-22T23:21:46.378Z [[32minfo[39m]: Servidor escuchando en http://localhost:9090
2024-10-22T23:21:46.518Z [[32minfo[39m]: Conexión a la base de datos establecida con éxito
2024-10-22T23:22:05.117Z [[32minfo[39m]: Inicialización del servidor completada correctamente.
2024-10-22T23:22:05.128Z [[32minfo[39m]: Servidor escuchando en http://localhost:9090
2024-10-22T23:22:05.324Z [[32minfo[39m]: Conexión a la base de datos establecida con éxito
2024-10-22T23:22:20.609Z [[32minfo[39m]: Inicialización del servidor completada correctamente.
2024-10-22T23:22:20.619Z [[32minfo[39m]: Servidor escuchando en http://localhost:9090
2024-10-22T23:22:20.773Z [[32minfo[39m]: Conexión a la base de datos establecida con éxito
2024-10-22T23:22:47.507Z [[32minfo[39m]: Inicialización del servidor completada correctamente.
2024-10-22T23:22:47.517Z [[32minfo[39m]: Servidor escuchando en http://localhost:9090
2024-10-22T23:22:47.857Z [[32minfo[39m]: Conexión a la base de datos establecida con éxito
2024-10-22T23:23:01.983Z [[32minfo[39m]: Inicialización del servidor completada correctamente.
2024-10-22T23:23:01.993Z [[32minfo[39m]: Servidor escuchando en http://localhost:9090
2024-10-22T23:23:02.124Z [[32minfo[39m]: Conexión a la base de datos establecida con éxito
2024-10-22T23:23:12.893Z [[32minfo[39m]: Inicialización del servidor completada correctamente.
2024-10-22T23:23:12.903Z [[32minfo[39m]: Servidor escuchando en http://localhost:9090
2024-10-22T23:23:13.094Z [[32minfo[39m]: Conexión a la base de datos establecida con éxito
2024-10-22T23:23:21.722Z [[32minfo[39m]: Inicialización del servidor completada correctamente.
2024-10-22T23:23:21.733Z [[32minfo[39m]: Servidor escuchando en http://localhost:9090
2024-10-22T23:23:21.918Z [[32minfo[39m]: Conexión a la base de datos establecida con éxito
2024-10-22T23:23:29.861Z [[32minfo[39m]: Inicialización del servidor completada correctamente.
2024-10-22T23:23:29.871Z [[32minfo[39m]: Servidor escuchando en http://localhost:9090
2024-10-22T23:23:30.045Z [[32minfo[39m]: Conexión a la base de datos establecida con éxito
2024-10-22T23:23:43.937Z [[32minfo[39m]: Inicialización del servidor completada correctamente.
2024-10-22T23:23:43.948Z [[32minfo[39m]: Servidor escuchando en http://localhost:9090
2024-10-22T23:23:44.108Z [[32minfo[39m]: Conexión a la base de datos establecida con éxito
2024-10-22T23:23:53.131Z [[32minfo[39m]: Inicialización del servidor completada correctamente.
2024-10-22T23:23:53.146Z [[32minfo[39m]: Servidor escuchando en http://localhost:9090
2024-10-22T23:23:53.299Z [[32minfo[39m]: Conexión a la base de datos establecida con éxito
2024-10-22T23:23:57.376Z [[32minfo[39m]: Inicialización del servidor completada correctamente.
2024-10-22T23:23:57.388Z [[32minfo[39m]: Servidor escuchando en http://localhost:9090
2024-10-22T23:23:57.522Z [[32minfo[39m]: Conexión a la base de datos establecida con éxito
2024-10-22T23:23:59.611Z [[32minfo[39m]: Inicialización del servidor completada correctamente.
2024-10-22T23:23:59.622Z [[32minfo[39m]: Servidor escuchando en http://localhost:9090
2024-10-22T23:23:59.787Z [[32minfo[39m]: Conexión a la base de datos establecida con éxito
2024-10-22T23:24:16.071Z [[32minfo[39m]: Inicialización del servidor completada correctamente.
2024-10-22T23:24:16.081Z [[32minfo[39m]: Servidor escuchando en http://localhost:9090
2024-10-22T23:24:16.211Z [[32minfo[39m]: Conexión a la base de datos establecida con éxito
2024-10-22T23:24:27.449Z [[32minfo[39m]: Inicialización del servidor completada correctamente.
2024-10-22T23:24:27.459Z [[32minfo[39m]: Servidor escuchando en http://localhost:9090
2024-10-22T23:24:27.629Z [[32minfo[39m]: Conexión a la base de datos establecida con éxito
2024-10-22T23:24:41.206Z [[32minfo[39m]: Inicialización del servidor completada correctamente.
2024-10-22T23:24:41.216Z [[32minfo[39m]: Servidor escuchando en http://localhost:9090
2024-10-22T23:24:41.362Z [[32minfo[39m]: Conexión a la base de datos establecida con éxito
2024-10-22T23:24:48.991Z [[32minfo[39m]: Inicialización del servidor completada correctamente.
2024-10-22T23:24:49.001Z [[32minfo[39m]: Servidor escuchando en http://localhost:9090
2024-10-22T23:24:49.124Z [[32minfo[39m]: Conexión a la base de datos establecida con éxito
2024-10-22T23:24:59.821Z [[32minfo[39m]: Inicialización del servidor completada correctamente.
2024-10-22T23:24:59.832Z [[32minfo[39m]: Servidor escuchando en http://localhost:9090
2024-10-22T23:24:59.997Z [[32minfo[39m]: Conexión a la base de datos establecida con éxito
2024-10-22T23:25:17.502Z [[32minfo[39m]: Inicialización del servidor completada correctamente.
2024-10-22T23:25:17.514Z [[32minfo[39m]: Servidor escuchando en http://localhost:9090
2024-10-22T23:25:17.646Z [[32minfo[39m]: Conexión a la base de datos establecida con éxito
2024-10-22T23:25:31.556Z [[32minfo[39m]: Inicialización del servidor completada correctamente.
2024-10-22T23:25:31.566Z [[32minfo[39m]: Servidor escuchando en http://localhost:9090
2024-10-22T23:25:31.773Z [[32minfo[39m]: Conexión a la base de datos establecida con éxito
2024-10-22T23:25:51.345Z [[32minfo[39m]: Inicialización del servidor completada correctamente.
2024-10-22T23:25:51.355Z [[32minfo[39m]: Servidor escuchando en http://localhost:9090
2024-10-22T23:25:51.571Z [[32minfo[39m]: Conexión a la base de datos establecida con éxito
2024-10-22T23:26:11.818Z [[32minfo[39m]: Inicialización del servidor completada correctamente.
2024-10-22T23:26:11.829Z [[32minfo[39m]: Servidor escuchando en http://localhost:9090
2024-10-22T23:26:12.060Z [[32minfo[39m]: Conexión a la base de datos establecida con éxito
2024-10-22T23:26:22.395Z [[32minfo[39m]: Inicialización del servidor completada correctamente.
2024-10-22T23:26:22.406Z [[32minfo[39m]: Servidor escuchando en http://localhost:9090
2024-10-22T23:26:22.580Z [[32minfo[39m]: Conexión a la base de datos establecida con éxito
2024-10-22T23:26:33.034Z [[32minfo[39m]: Inicialización del servidor completada correctamente.
2024-10-22T23:26:33.045Z [[32minfo[39m]: Servidor escuchando en http://localhost:9090
2024-10-22T23:26:33.183Z [[32minfo[39m]: Conexión a la base de datos establecida con éxito
2024-10-22T23:26:42.039Z [[32minfo[39m]: Inicialización del servidor completada correctamente.
2024-10-22T23:26:42.050Z [[32minfo[39m]: Servidor escuchando en http://localhost:9090
2024-10-22T23:26:42.353Z [[32minfo[39m]: Conexión a la base de datos establecida con éxito
2024-10-22T23:26:47.597Z [[32minfo[39m]: Inicialización del servidor completada correctamente.
2024-10-22T23:26:47.607Z [[32minfo[39m]: Servidor escuchando en http://localhost:9090
2024-10-22T23:26:47.741Z [[32minfo[39m]: Conexión a la base de datos establecida con éxito
2024-10-22T23:27:04.021Z [[32minfo[39m]: Inicialización del servidor completada correctamente.
2024-10-22T23:27:04.033Z [[32minfo[39m]: Servidor escuchando en http://localhost:9090
2024-10-22T23:27:04.170Z [[32minfo[39m]: Conexión a la base de datos establecida con éxito
2024-10-22T23:27:28.006Z [[32minfo[39m]: Inicialización del servidor completada correctamente.
2024-10-22T23:27:28.016Z [[32minfo[39m]: Servidor escuchando en http://localhost:9090
2024-10-22T23:27:28.142Z [[32minfo[39m]: Conexión a la base de datos establecida con éxito
2024-10-22T23:27:41.103Z [[32minfo[39m]: Inicialización del servidor completada correctamente.
2024-10-22T23:27:41.115Z [[32minfo[39m]: Servidor escuchando en http://localhost:9090
2024-10-22T23:27:41.288Z [[32minfo[39m]: Conexión a la base de datos establecida con éxito
2024-10-22T23:27:50.846Z [[32minfo[39m]: Inicialización del servidor completada correctamente.
2024-10-22T23:27:50.857Z [[32minfo[39m]: Servidor escuchando en http://localhost:9090
2024-10-22T23:27:51.028Z [[32minfo[39m]: Conexión a la base de datos establecida con éxito
2024-10-22T23:28:06.382Z [[32minfo[39m]: Inicialización del servidor completada correctamente.
2024-10-22T23:28:06.393Z [[32minfo[39m]: Servidor escuchando en http://localhost:9090
2024-10-22T23:28:06.546Z [[32minfo[39m]: Conexión a la base de datos establecida con éxito
2024-10-22T23:28:18.956Z [[32minfo[39m]: Inicialización del servidor completada correctamente.
2024-10-22T23:28:18.967Z [[32minfo[39m]: Servidor escuchando en http://localhost:9090
2024-10-22T23:28:19.133Z [[32minfo[39m]: Conexión a la base de datos establecida con éxito
2024-10-22T23:28:28.250Z [[32minfo[39m]: Inicialización del servidor completada correctamente.
2024-10-22T23:28:28.260Z [[32minfo[39m]: Servidor escuchando en http://localhost:9090
2024-10-22T23:28:28.403Z [[32minfo[39m]: Conexión a la base de datos establecida con éxito
2024-10-22T23:29:20.766Z [[32minfo[39m]: Inicialización del servidor completada correctamente.
2024-10-22T23:29:20.776Z [[32minfo[39m]: Servidor escuchando en http://localhost:9090
2024-10-22T23:29:20.980Z [[32minfo[39m]: Conexión a la base de datos establecida con éxito
2024-10-22T23:33:55.421Z [[32minfo[39m]: Inicialización del servidor completada correctamente.
2024-10-22T23:33:55.432Z [[32minfo[39m]: Servidor escuchando en http://localhost:9090
2024-10-22T23:33:55.553Z [[32minfo[39m]: Conexión a la base de datos establecida con éxito
2024-10-22T23:35:44.951Z [[32minfo[39m]: Inicialización del servidor completada correctamente.
2024-10-22T23:35:44.961Z [[32minfo[39m]: Servidor escuchando en http://localhost:9090
2024-10-22T23:35:45.086Z [[32minfo[39m]: Conexión a la base de datos establecida con éxito
2024-10-22T23:35:59.552Z [[32minfo[39m]: Inicialización del servidor completada correctamente.
2024-10-22T23:35:59.563Z [[32minfo[39m]: Servidor escuchando en http://localhost:9090
2024-10-22T23:35:59.737Z [[32minfo[39m]: Conexión a la base de datos establecida con éxito
2024-10-22T23:37:45.989Z [[32minfo[39m]: Inicialización del servidor completada correctamente.
2024-10-22T23:37:45.999Z [[32minfo[39m]: Servidor escuchando en http://localhost:9090
2024-10-22T23:37:46.169Z [[32minfo[39m]: Conexión a la base de datos establecida con éxito
2024-10-22T23:38:04.159Z [[32minfo[39m]: Inicialización del servidor completada correctamente.
2024-10-22T23:38:04.170Z [[32minfo[39m]: Servidor escuchando en http://localhost:9090
2024-10-22T23:38:04.314Z [[32minfo[39m]: Conexión a la base de datos establecida con éxito
2024-10-22T23:43:03.201Z [[32minfo[39m]: Inicialización del servidor completada correctamente.
2024-10-22T23:43:03.211Z [[32minfo[39m]: Servidor escuchando en http://localhost:9090
2024-10-22T23:43:03.341Z [[32minfo[39m]: Conexión a la base de datos establecida con éxito
2024-10-22T23:43:44.897Z [[32minfo[39m]: Inicialización del servidor completada correctamente.
2024-10-22T23:43:44.910Z [[32minfo[39m]: Servidor escuchando en http://localhost:9090
2024-10-22T23:43:45.077Z [[32minfo[39m]: Conexión a la base de datos establecida con éxito
2024-10-22T23:44:06.480Z [[32minfo[39m]: Inicialización del servidor completada correctamente.
2024-10-22T23:44:06.490Z [[32minfo[39m]: Servidor escuchando en http://localhost:9090
2024-10-22T23:44:06.641Z [[32minfo[39m]: Conexión a la base de datos establecida con éxito
2024-10-22T23:44:17.246Z [[32minfo[39m]: Inicialización del servidor completada correctamente.
2024-10-22T23:44:17.256Z [[32minfo[39m]: Servidor escuchando en http://localhost:9090
2024-10-22T23:44:17.382Z [[32minfo[39m]: Conexión a la base de datos establecida con éxito
2024-10-22T23:46:22.871Z [[33mwarn[39m]: Token inválido: jwt expired
2024-10-22T23:46:22.874Z [[32minfo[39m]: [0mGET /empresas [33m403[0m 5.145 ms - 41[0m
2024-10-22T23:46:49.919Z [[32minfo[39m]: [0mGET /auth/login [36m302[0m 685.093 ms - 0[0m
2024-10-22T23:46:50.874Z [[32minfo[39m]: [0mPOST /auth/openid/return [36m302[0m 300.420 ms - 74[0m
2024-10-22T23:46:50.884Z [[32minfo[39m]: [0mGET /auth/dashboard [31m500[0m 2.542 ms - 16[0m
2024-10-22T23:47:06.693Z [[32minfo[39m]: Inicialización del servidor completada correctamente.
2024-10-22T23:47:06.703Z [[32minfo[39m]: Servidor escuchando en http://localhost:9090
2024-10-22T23:47:06.823Z [[32minfo[39m]: Conexión a la base de datos establecida con éxito
2024-10-22T23:47:12.595Z [[32minfo[39m]: [0mGET /auth/login [36m302[0m 867.345 ms - 0[0m
2024-10-22T23:47:13.313Z [[32minfo[39m]: [0mPOST /auth/openid/return [36m302[0m 292.682 ms - 74[0m
2024-10-22T23:47:13.321Z [[32minfo[39m]: [0mGET /auth/dashboard [31m500[0m 2.211 ms - 16[0m
2024-10-22T23:48:54.318Z [[32minfo[39m]: Inicialización del servidor completada correctamente.
2024-10-22T23:48:54.328Z [[32minfo[39m]: Servidor escuchando en http://localhost:9090
2024-10-22T23:48:54.617Z [[32minfo[39m]: Conexión a la base de datos establecida con éxito
2024-10-22T23:49:02.642Z [[32minfo[39m]: [0mGET /auth/login [36m302[0m 706.161 ms - 0[0m
2024-10-22T23:49:03.532Z [[32minfo[39m]: [0mPOST /auth/openid/return [36m302[0m 440.542 ms - 74[0m
2024-10-22T23:49:03.544Z [[32minfo[39m]: [0mGET /auth/dashboard [31m500[0m 4.805 ms - 16[0m
2024-10-22T23:50:05.765Z [[32minfo[39m]: Inicialización del servidor completada correctamente.
2024-10-22T23:50:05.776Z [[32minfo[39m]: Servidor escuchando en http://localhost:9090
2024-10-22T23:50:05.965Z [[32minfo[39m]: Conexión a la base de datos establecida con éxito
2024-10-22T23:50:19.556Z [[32minfo[39m]: [0mGET /auth/login [36m302[0m 832.831 ms - 0[0m
2024-10-22T23:50:20.405Z [[32minfo[39m]: [0mPOST /auth/openid/return [36m302[0m 321.912 ms - 74[0m
2024-10-22T23:50:20.416Z [[32minfo[39m]: [0mGET /auth/dashboard [31m500[0m 4.822 ms - 16[0m
2024-10-22T23:50:56.893Z [[32minfo[39m]: [0mGET /auth/login [36m302[0m 1.096 ms - 0[0m
2024-10-22T23:51:02.833Z [[32minfo[39m]: [0mPOST /auth/openid/return [36m302[0m 517.197 ms - 74[0m
2024-10-22T23:51:02.842Z [[32minfo[39m]: [0mGET /auth/dashboard [32m200[0m 1.338 ms - 509[0m
2024-10-22T23:57:01.132Z [[32minfo[39m]: Inicialización del servidor completada correctamente.
2024-10-22T23:57:01.142Z [[32minfo[39m]: Servidor escuchando en http://localhost:9090
2024-10-22T23:57:01.320Z [[32minfo[39m]: Conexión a la base de datos establecida con éxito
2024-10-22T23:57:12.045Z [[32minfo[39m]: [0mGET /auth/login [36m302[0m 606.243 ms - 0[0m
2024-10-22T23:57:12.620Z [[32minfo[39m]: [0mPOST /auth/openid/return [31m500[0m 2.198 ms - 16[0m
2024-10-22T23:58:07.326Z [[32minfo[39m]: Inicialización del servidor completada correctamente.
2024-10-22T23:58:07.336Z [[32minfo[39m]: Servidor escuchando en http://localhost:9090
2024-10-22T23:58:07.468Z [[32minfo[39m]: Conexión a la base de datos establecida con éxito
2024-10-22T23:58:13.170Z [[32minfo[39m]: [0mGET /auth/login [31m500[0m 4.312 ms - 16[0m
2024-10-22T23:59:09.083Z [[32minfo[39m]: Inicialización del servidor completada correctamente.
2024-10-22T23:59:09.093Z [[32minfo[39m]: Servidor escuchando en http://localhost:9090
2024-10-22T23:59:09.346Z [[32minfo[39m]: Conexión a la base de datos establecida con éxito
2024-10-22T23:59:16.122Z [[32minfo[39m]: [0mGET /auth/login [36m302[0m 1376.935 ms - 0[0m
2024-10-22T23:59:16.652Z [[32minfo[39m]: Procesando retorno desde Azure AD
2024-10-22T23:59:16.655Z [[32minfo[39m]: [0mPOST /auth/openid/return [32m200[0m 1.831 ms - 30[0m
2024-10-23T00:01:15.867Z [[32minfo[39m]: Inicialización del servidor completada correctamente.
2024-10-23T00:01:15.877Z [[32minfo[39m]: Servidor escuchando en http://localhost:9090
2024-10-23T00:01:15.993Z [[32minfo[39m]: Conexión a la base de datos establecida con éxito
2024-10-23T00:01:21.721Z [[32minfo[39m]: [0mPOST /auth/openid/return [31m500[0m 3.596 ms - 16[0m
2024-10-23T00:01:31.935Z [[32minfo[39m]: [0mGET /auth/login [36m302[0m 1226.623 ms - 0[0m
2024-10-23T00:01:32.833Z [[32minfo[39m]: [0mPOST /auth/openid/return [31m500[0m 1.351 ms - 16[0m
2024-10-23T00:02:18.348Z [[32minfo[39m]: Inicialización del servidor completada correctamente.
2024-10-23T00:02:18.363Z [[32minfo[39m]: Servidor escuchando en http://localhost:9090
2024-10-23T00:02:18.508Z [[32minfo[39m]: Conexión a la base de datos establecida con éxito
2024-10-23T00:02:25.094Z [[32minfo[39m]: [0mGET /auth/login [36m302[0m 1180.133 ms - 0[0m
2024-10-23T00:02:25.559Z [[32minfo[39m]: Procesando retorno desde Azure AD
2024-10-23T00:02:25.562Z [[32minfo[39m]: [0mPOST /auth/openid/return [32m200[0m 2.120 ms - 44[0m
2024-10-23T00:03:31.067Z [[32minfo[39m]: Inicialización del servidor completada correctamente.
2024-10-23T00:03:31.077Z [[32minfo[39m]: Servidor escuchando en http://localhost:9090
2024-10-23T00:03:31.276Z [[32minfo[39m]: Conexión a la base de datos establecida con éxito
2024-10-23T00:03:37.750Z [[32minfo[39m]: [0mGET /auth/login [36m302[0m 1156.902 ms - 0[0m
2024-10-23T00:03:38.261Z [[32minfo[39m]: Procesando retorno desde Azure AD
2024-10-23T00:03:38.264Z [[32minfo[39m]: [0mPOST /auth/openid/return [32m200[0m 2.327 ms - 44[0m
2024-10-23T00:03:44.771Z [[32minfo[39m]: [0mGET /auth/login [36m302[0m 0.866 ms - 0[0m
2024-10-23T00:03:45.262Z [[32minfo[39m]: Procesando retorno desde Azure AD
2024-10-23T00:03:45.263Z [[32minfo[39m]: [0mPOST /auth/openid/return [32m200[0m 0.906 ms - 44[0m
2024-10-23T00:06:56.522Z [[32minfo[39m]: Inicialización del servidor completada correctamente.
2024-10-23T00:06:56.532Z [[32minfo[39m]: Servidor escuchando en http://localhost:9090
2024-10-23T00:06:56.746Z [[32minfo[39m]: Conexión a la base de datos establecida con éxito
2024-10-23T00:07:33.328Z [[32minfo[39m]: Inicialización del servidor completada correctamente.
2024-10-23T00:07:33.338Z [[32minfo[39m]: Servidor escuchando en http://localhost:9090
2024-10-23T00:07:33.468Z [[32minfo[39m]: Conexión a la base de datos establecida con éxito
2024-10-23T00:07:40.816Z [[32minfo[39m]: [0mGET /auth/login [36m302[0m 1783.562 ms - 0[0m
2024-10-23T00:07:42.029Z [[32minfo[39m]: Usuario autenticado: German Luis Ojeda
2024-10-23T00:07:42.031Z [[32minfo[39m]: [0mPOST /auth/openid/return [32m200[0m 286.935 ms - 2498[0m
2024-10-23T00:08:39.589Z [[32minfo[39m]: Usuario autenticado: German Luis Ojeda (9e89f97f-0c22-438f-8847-61b260aaa9a1)
2024-10-23T00:08:39.677Z [[32minfo[39m]: Obtenidos 0 registros de Empresa
2024-10-23T00:08:39.677Z [[32minfo[39m]: Listado de 0 empresas obtenido por German Luis Ojeda
2024-10-23T00:08:39.678Z [[32minfo[39m]: [0mGET /empresas [32m200[0m 89.854 ms - 2[0m
2024-10-23T10:34:26.159Z [[32minfo[39m]: [0mGET /auth/login [36m302[0m 607.615 ms - 0[0m
2024-10-23T10:34:26.732Z [[31merror[39m]: Error en la autenticación:
2024-10-23T10:34:26.733Z [[32minfo[39m]: [0mPOST /auth/openid/return [33m401[0m 1.667 ms - 27[0m
2024-10-23T10:34:42.643Z [[32minfo[39m]: [0mGET /auth/login [36m302[0m 0.668 ms - 0[0m
2024-10-23T10:34:43.076Z [[31merror[39m]: Error en la autenticación:
2024-10-23T10:34:43.077Z [[32minfo[39m]: [0mPOST /auth/openid/return [33m401[0m 0.919 ms - 27[0m
2024-10-23T10:35:03.178Z [[32minfo[39m]: Inicialización del servidor completada correctamente.
2024-10-23T10:35:03.188Z [[32minfo[39m]: Servidor escuchando en http://localhost:9090
2024-10-23T10:35:03.479Z [[32minfo[39m]: Conexión a la base de datos establecida con éxito
2024-10-23T10:35:07.275Z [[31merror[39m]: Error en la autenticación:
2024-10-23T10:35:07.278Z [[32minfo[39m]: [0mPOST /auth/openid/return [33m401[0m 3.513 ms - 27[0m
2024-10-23T10:36:26.821Z [[32minfo[39m]: [0mGET /auth/login [36m302[0m 1101.255 ms - 0[0m
2024-10-23T10:36:31.491Z [[32minfo[39m]: Usuario autenticado: German Luis Ojeda
2024-10-23T10:36:31.492Z [[32minfo[39m]: [0mPOST /auth/openid/return [32m200[0m 286.983 ms - 2498[0m
2024-10-23T10:36:52.796Z [[32minfo[39m]: Usuario autenticado: German Luis Ojeda (9e89f97f-0c22-438f-8847-61b260aaa9a1)
2024-10-23T10:36:52.877Z [[32minfo[39m]: Obtenidos 0 registros de Empresa
2024-10-23T10:36:52.877Z [[32minfo[39m]: Listado de 0 empresas obtenido por German Luis Ojeda
2024-10-23T10:36:52.878Z [[32minfo[39m]: [0mGET /empresas [32m200[0m 83.779 ms - 2[0m
2024-10-23T10:39:46.189Z [[32minfo[39m]: Inicialización del servidor completada correctamente.
2024-10-23T10:39:46.202Z [[32minfo[39m]: Servidor escuchando en http://localhost:9090
2024-10-23T10:39:46.318Z [[32minfo[39m]: Conexión a la base de datos establecida con éxito
2024-10-23T10:42:11.886Z [[32minfo[39m]: Usuario autenticado: German Luis Ojeda (9e89f97f-0c22-438f-8847-61b260aaa9a1)
2024-10-23T10:42:11.976Z [[32minfo[39m]: Registro creado en Empresa con ID: undefined
2024-10-23T10:42:12.019Z [[32minfo[39m]: Acción registrada: CREAR en Empresa por German Luis Ojeda
2024-10-23T10:42:12.059Z [[32minfo[39m]: Empresa creada con ID: 1a9bf1ea-ecea-4765-a144-b289f4928d10 por German Luis Ojeda
2024-10-23T10:42:12.063Z [[32minfo[39m]: [0mPOST /empresas [32m201[0m 179.873 ms - 226[0m
2024-10-23T10:50:05.334Z [[32minfo[39m]: Usuario autenticado: German Luis Ojeda (9e89f97f-0c22-438f-8847-61b260aaa9a1)
2024-10-23T10:50:05.423Z [[32minfo[39m]: Registro creado en Empresa con ID: undefined
2024-10-23T10:50:05.435Z [[32minfo[39m]: Acción registrada: CREAR en Empresa por German Luis Ojeda
2024-10-23T10:50:05.486Z [[32minfo[39m]: Empresa creada con ID: 6ca6e48a-2ccb-42f5-b4f6-de8037a1a87b por German Luis Ojeda
2024-10-23T10:50:05.487Z [[32minfo[39m]: [0mPOST /empresas [32m201[0m 153.175 ms - 226[0m
2024-10-23T10:50:11.523Z [[32minfo[39m]: Usuario autenticado: German Luis Ojeda (9e89f97f-0c22-438f-8847-61b260aaa9a1)
2024-10-23T10:50:11.536Z [[32minfo[39m]: Obtenidos 2 registros de Empresa
2024-10-23T10:50:11.536Z [[32minfo[39m]: Listado de 2 empresas obtenido por German Luis Ojeda
2024-10-23T10:50:11.537Z [[32minfo[39m]: [0mGET /empresas [32m200[0m 14.205 ms - 455[0m
2024-10-23T11:25:38.169Z [[32minfo[39m]: Inicialización del servidor completada correctamente.
2024-10-23T11:25:38.178Z [[32minfo[39m]: Servidor escuchando en http://localhost:9090
2024-10-23T11:25:38.470Z [[32minfo[39m]: Conexión a la base de datos establecida con éxito
2024-10-23T11:25:43.874Z [[32minfo[39m]: Inicialización del servidor completada correctamente.
2024-10-23T11:25:43.885Z [[32minfo[39m]: Servidor escuchando en http://localhost:9090
2024-10-23T11:25:44.046Z [[32minfo[39m]: Conexión a la base de datos establecida con éxito
2024-10-23T11:27:12.416Z [[32minfo[39m]: Inicialización del servidor completada correctamente.
2024-10-23T11:27:12.427Z [[32minfo[39m]: Servidor escuchando en http://localhost:9090
2024-10-23T11:27:12.555Z [[32minfo[39m]: Conexión a la base de datos establecida con éxito
2024-10-23T11:27:23.943Z [[32minfo[39m]: [0mGET /auth/login [36m302[0m 1186.419 ms - 0[0m
2024-10-23T11:27:25.236Z [[32minfo[39m]: Usuario autenticado: German Luis Ojeda
2024-10-23T11:27:25.238Z [[32minfo[39m]: [0mPOST /auth/openid/return [32m200[0m 340.461 ms - 2498[0m
2024-10-23T11:28:05.044Z [[33mwarn[39m]: Token inválido: invalid token
2024-10-23T11:28:05.045Z [[32minfo[39m]: [0mGET /empresas [33m403[0m 1.270 ms - 41[0m
2024-10-23T11:28:18.028Z [[32minfo[39m]: Usuario autenticado: German Luis Ojeda (9e89f97f-0c22-438f-8847-61b260aaa9a1)
2024-10-23T11:28:18.089Z [[32minfo[39m]: Obtenidos 2 registros de Empresa
2024-10-23T11:28:18.089Z [[32minfo[39m]: Listado de 2 empresas obtenido por German Luis Ojeda
2024-10-23T11:28:18.090Z [[32minfo[39m]: [0mGET /empresas [32m200[0m 62.839 ms - 455[0m
2024-10-23T12:09:40.920Z [[32minfo[39m]: Usuario autenticado: German Luis Ojeda (9e89f97f-0c22-438f-8847-61b260aaa9a1)
2024-10-23T12:09:41.146Z [[32minfo[39m]: Obtenidos 2 registros de Empresa
2024-10-23T12:09:41.146Z [[32minfo[39m]: Listado de 2 empresas obtenido por German Luis Ojeda
2024-10-23T12:09:41.147Z [[32minfo[39m]: [0mGET /empresas [32m200[0m 227.287 ms - 455[0m
